Log file open, 05/27/24 01:03:34
LogWindows: Failed to load 'aqProf.dll' (GetLastError=126)
LogWindows: File 'aqProf.dll' does not exist
LogWindows: Failed to load 'VtuneApi.dll' (GetLastError=126)
LogWindows: File 'VtuneApi.dll' does not exist
LogWindows: Failed to load 'VtuneApi32e.dll' (GetLastError=126)
LogWindows: File 'VtuneApi32e.dll' does not exist
LogConsoleResponse: Display: Failed to find resolution value strings in scalability ini. Falling back to default.
LogConsoleResponse: Display: Failed to find resolution value strings in scalability ini. Falling back to default.
LogInit: Display: Running engine for game: 내프로젝트3
LogPlatformFile: Not using cached read wrapper
LogTaskGraph: Started task graph with 5 named threads and 53 total threads with 3 sets of task threads.
LogStats: Stats thread started at 0.253259
LogICUInternationalization: ICU TimeZone Detection - Raw Offset: +9:00, Platform Override: ''
LogInit: Display: Loading text-based GConfig....
LogPluginManager: Mounting plugin MeshPainting
LogPluginManager: Mounting plugin XGEController
LogPluginManager: Mounting plugin Paper2D
LogPluginManager: Mounting plugin LiveLink
LogPluginManager: Mounting plugin EnvironmentQueryEditor
LogPluginManager: Mounting plugin AISupport
LogPluginManager: Mounting plugin CameraShakePreviewer
LogPluginManager: Mounting plugin LightPropagationVolume
LogPluginManager: Mounting plugin OodleData
LogPluginManager: Mounting plugin AnimationSharing
LogPluginManager: Mounting plugin OodleNetwork
LogPluginManager: Mounting plugin CLionSourceCodeAccess
LogPluginManager: Mounting plugin GameplayCameras
LogPluginManager: Mounting plugin CodeLiteSourceCodeAccess
LogPluginManager: Mounting plugin KDevelopSourceCodeAccess
LogPluginManager: Mounting plugin GitSourceControl
LogPluginManager: Mounting plugin NullSourceCodeAccess
LogPluginManager: Mounting plugin PerforceSourceControl
LogPluginManager: Mounting plugin PixWinPlugin
LogPluginManager: Mounting plugin PluginUtils
LogPluginManager: Mounting plugin PlasticSourceControl
LogPluginManager: Mounting plugin SubversionSourceControl
LogPluginManager: Mounting plugin PropertyAccessNode
LogPluginManager: Mounting plugin RiderSourceCodeAccess
LogPluginManager: Mounting plugin TextureFormatOodle
LogPluginManager: Mounting plugin UObjectPlugin
LogPluginManager: Mounting plugin VisualStudioCodeSourceCodeAccess
LogPluginManager: Mounting plugin XCodeSourceCodeAccess
LogPluginManager: Mounting plugin AssetManagerEditor
LogPluginManager: Mounting plugin VisualStudioSourceCodeAccess
LogPluginManager: Mounting plugin CryptoKeys
LogPluginManager: Mounting plugin AlembicImporter
LogPluginManager: Mounting plugin DataValidation
LogPluginManager: Mounting plugin DatasmithContent
LogPluginManager: Mounting plugin FacialAnimation
LogPluginManager: Mounting plugin AutomationUtils
LogPluginManager: Mounting plugin GameplayTagsEditor
LogPluginManager: Mounting plugin MacGraphicsSwitching
LogPluginManager: Mounting plugin GeometryMode
LogPluginManager: Mounting plugin MaterialAnalyzer
LogPluginManager: Mounting plugin MobileLauncherProfileWizard
LogPluginManager: Mounting plugin PluginBrowser
LogPluginManager: Mounting plugin SpeedTreeImporter
LogPluginManager: Mounting plugin VariantManagerContent
LogPluginManager: Mounting plugin Niagara
LogPluginManager: Mounting plugin LuminPlatformFeatures
LogPluginManager: Mounting plugin MagicLeap
LogPluginManager: Mounting plugin MagicLeapLightEstimation
LogPluginManager: Mounting plugin MagicLeapMedia
LogPluginManager: Mounting plugin MagicLeapPassableWorld
LogPluginManager: Mounting plugin MLSDK
LogPluginManager: Mounting plugin AndroidMedia
LogPluginManager: Mounting plugin AvfMedia
LogPluginManager: Mounting plugin CurveEditorTools
LogPluginManager: Mounting plugin MediaCompositing
LogPluginManager: Mounting plugin WmfMedia
LogPluginManager: Mounting plugin WebMMedia
LogPluginManager: Mounting plugin TcpMessaging
LogPluginManager: Mounting plugin ActorSequence
LogPluginManager: Mounting plugin UdpMessaging
LogPluginManager: Mounting plugin LevelSequenceEditor
LogPluginManager: Mounting plugin MatineeToLevelSequence
LogPluginManager: Mounting plugin TemplateSequence
LogPluginManager: Mounting plugin OnlineSubsystem
LogPluginManager: Mounting plugin OnlineSubsystemNull
LogPluginManager: Mounting plugin OnlineSubsystemUtils
LogPluginManager: Mounting plugin ActorLayerUtilities
LogPluginManager: Mounting plugin AndroidDeviceProfileSelector
LogPluginManager: Mounting plugin AndroidPermission
LogPluginManager: Mounting plugin AndroidMoviePlayer
LogPluginManager: Mounting plugin ImgMedia
LogPluginManager: Mounting plugin AppleImageUtils
LogPluginManager: Mounting plugin ArchVisCharacter
LogPluginManager: Mounting plugin AppleMoviePlayer
LogPluginManager: Mounting plugin AssetTags
LogPluginManager: Mounting plugin AudioCapture
LogPluginManager: Mounting plugin AudioSynesthesia
LogPluginManager: Mounting plugin CableComponent
LogPluginManager: Mounting plugin CustomMeshComponent
LogPluginManager: Mounting plugin EditableMesh
LogPluginManager: Mounting plugin ChunkDownloader
LogPluginManager: Mounting plugin ExampleDeviceProfileSelector
LogPluginManager: Mounting plugin GoogleCloudMessaging
LogPluginManager: Mounting plugin GooglePAD
LogPluginManager: Mounting plugin IOSDeviceProfileSelector
LogPluginManager: Mounting plugin LinuxDeviceProfileSelector
LogPluginManager: Mounting plugin LocationServicesBPLibrary
LogPluginManager: Mounting plugin MobilePatchingUtils
LogPluginManager: Mounting plugin OpenXR
LogPluginManager: Mounting plugin OpenXREyeTracker
LogPluginManager: Mounting plugin OpenXRHandTracking
LogPluginManager: Mounting plugin PhysXVehicles
LogPluginManager: Mounting plugin ScreenshotTools
LogPluginManager: Mounting plugin PostSplashScreen
LogPluginManager: Mounting plugin ProceduralMeshComponent
LogPluginManager: Mounting plugin PropertyAccessEditor
LogPluginManager: Mounting plugin SignificanceManager
LogPluginManager: Mounting plugin RuntimePhysXCooking
LogPluginManager: Mounting plugin SoundFields
LogPluginManager: Mounting plugin Synthesis
LogPluginManager: Mounting plugin WebMMoviePlayer
LogPluginManager: Mounting plugin WindowsMoviePlayer
LogPluginManager: Mounting plugin MediaPlayerEditor
LogPluginManager: Mounting plugin Takes
LogPluginManager: Mounting plugin BackChannel
LogPluginManager: Mounting plugin ChaosCloth
LogPluginManager: Mounting plugin ChaosEditor
LogPluginManager: Mounting plugin ChaosClothEditor
LogPluginManager: Mounting plugin ChaosNiagara
LogPluginManager: Mounting plugin ChaosSolverPlugin
LogPluginManager: Mounting plugin CharacterAI
LogPluginManager: Mounting plugin LauncherChunkInstaller
LogPluginManager: Mounting plugin GeometryCache
LogPluginManager: Mounting plugin GeometryCollectionPlugin
LogPluginManager: Mounting plugin GeometryProcessing
LogPluginManager: Mounting plugin MotoSynth
LogPluginManager: Mounting plugin OpenImageDenoise
LogPluginManager: Mounting plugin PlatformCrypto
LogPluginManager: Mounting plugin ProxyLODPlugin
LogPluginManager: Mounting plugin PlanarCut
LogPluginManager: Mounting plugin PythonScriptPlugin
LogPluginManager: Mounting plugin SkeletalReduction
LogPluginManager: Mounting plugin ContentBrowserFileDataSource
LogPluginManager: Mounting plugin ContentBrowserClassDataSource
LogPluginManager: Mounting plugin ContentBrowserAssetDataSource
LogPluginManager: Mounting plugin OnlineSubsystemGooglePlay
LogPluginManager: Mounting plugin OnlineSubsystemIOS
LogPluginManager: Mounting plugin OculusVR
LogPluginManager: Mounting plugin SteamVR
PixWinPlugin: PIX capture plugin failed to initialize! Check that the process is launched from PIX.
LogInit: Using libcurl 7.55.1-DEV
LogInit:  - built for x86_64-pc-win32
LogInit:  - supports SSL with OpenSSL/1.1.1
LogInit:  - supports HTTP deflate (compression) using libz 1.2.8
LogInit:  - other features:
LogInit:      CURL_VERSION_SSL
LogInit:      CURL_VERSION_LIBZ
LogInit:      CURL_VERSION_IPV6
LogInit:      CURL_VERSION_ASYNCHDNS
LogInit:      CURL_VERSION_LARGEFILE
LogInit:      CURL_VERSION_IDN
LogInit:  CurlRequestOptions (configurable via config and command line):
LogInit:  - bVerifyPeer = true  - Libcurl will verify peer certificate
LogInit:  - bUseHttpProxy = false  - Libcurl will NOT use HTTP proxy
LogInit:  - bDontReuseConnections = false  - Libcurl will reuse connections
LogInit:  - MaxHostConnections = 16  - Libcurl will limit the number of connections to a host
LogInit:  - LocalHostAddr = Default
LogInit:  - BufferSize = 65536
LogOnline: OSS: Creating online subsystem instance for: NULL
LogInit: WinSock: version 1.1 (2.2), MaxSocks=32767, MaxUdp=65467
LogOnline: OSS: TryLoadSubsystemAndSetDefault: Loaded subsystem for module [NULL]
LogOculusPluginWrapper: OculusPlugin initialized successfully
LogHMD: Failed initializing OVRPlugin 1.59.0
LogInit: Build: ++UE4+Release-4.27-CL-18319896
LogInit: Engine Version: 4.27.2-18319896+++UE4+Release-4.27
LogInit: Compatible Engine Version: 4.27.0-17155196+++UE4+Release-4.27
LogInit: Net CL: 17155196
LogInit: OS: Windows 10 (Release 2009) (), CPU: Intel(R) Core(TM) Ultra 5 125H, GPU: Intel(R) Arc(TM) Graphics
LogInit: Compiled (64-bit): Nov 30 2021 07:12:08
LogInit: Compiled with Visual C++: 19.24.28315.00
LogInit: Build Configuration: Development
LogInit: Branch Name: ++UE4+Release-4.27
LogInit: Command Line:  /Game/Untitled -game -PIEVIACONSOLE -Multiprocess "GameUserSettingsINI=C:/Users/KIM/Documents/Unreal Projects/내프로젝트T/Saved/Config/Windows/PIEGameUserSettings0.ini" -MultiprocessSaveConfig -forcepassthrough -messaging -SessionName="Play in Standalone Game" -windowed -WinX=-13 -WinY=35 SAVEWINPOS=1 -ResX=2893 -ResY=1693 -ForceRes
LogInit: Base Directory: E:/UE_4.27/Engine/Binaries/Win64/
LogInit: Allocator: TBB
LogInit: Installed Engine Build: 1
LogDevObjectVersion: Number of dev versions registered: 29
LogDevObjectVersion:   Dev-Blueprints (B0D832E4-1F89-4F0D-ACCF-7EB736FD4AA2): 10
LogDevObjectVersion:   Dev-Build (E1C64328-A22C-4D53-A36C-8E866417BD8C): 0
LogDevObjectVersion:   Dev-Core (375EC13C-06E4-48FB-B500-84F0262A717E): 4
LogDevObjectVersion:   Dev-Editor (E4B068ED-F494-42E9-A231-DA0B2E46BB41): 40
LogDevObjectVersion:   Dev-Framework (CFFC743F-43B0-4480-9391-14DF171D2073): 37
LogDevObjectVersion:   Dev-Mobile (B02B49B5-BB20-44E9-A304-32B752E40360): 3
LogDevObjectVersion:   Dev-Networking (A4E4105C-59A1-49B5-A7C5-40C4547EDFEE): 0
LogDevObjectVersion:   Dev-Online (39C831C9-5AE6-47DC-9A44-9C173E1C8E7C): 0
LogDevObjectVersion:   Dev-Physics (78F01B33-EBEA-4F98-B9B4-84EACCB95AA2): 14
LogDevObjectVersion:   Dev-Platform (6631380F-2D4D-43E0-8009-CF276956A95A): 0
LogDevObjectVersion:   Dev-Rendering (12F88B9F-8875-4AFC-A67C-D90C383ABD29): 45
LogDevObjectVersion:   Dev-Sequencer (7B5AE74C-D270-4C10-A958-57980B212A5A): 13
LogDevObjectVersion:   Dev-VR (D7296918-1DD6-4BDD-9DE2-64A83CC13884): 3
LogDevObjectVersion:   Dev-LoadTimes (C2A15278-BFE7-4AFE-6C17-90FF531DF755): 1
LogDevObjectVersion:   Private-Geometry (6EACA3D4-40EC-4CC1-B786-8BED09428FC5): 3
LogDevObjectVersion:   Dev-AnimPhys (29E575DD-E0A3-4627-9D10-D276232CDCEA): 17
LogDevObjectVersion:   Dev-Anim (AF43A65D-7FD3-4947-9873-3E8ED9C1BB05): 15
LogDevObjectVersion:   Dev-ReflectionCapture (6B266CEC-1EC7-4B8F-A30B-E4D90942FC07): 1
LogDevObjectVersion:   Dev-Automation (0DF73D61-A23F-47EA-B727-89E90C41499A): 1
LogDevObjectVersion:   FortniteMain (601D1886-AC64-4F84-AA16-D3DE0DEAC7D6): 47
LogDevObjectVersion:   FortniteRelease (E7086368-6B23-4C58-8439-1B7016265E91): 1
LogDevObjectVersion:   Dev-Enterprise (9DFFBCD6-494F-0158-E221-12823C92A888): 10
LogDevObjectVersion:   Dev-Niagara (F2AED0AC-9AFE-416F-8664-AA7FFA26D6FC): 1
LogDevObjectVersion:   Dev-Destruction (174F1F0B-B4C6-45A5-B13F-2EE8D0FB917D): 10
LogDevObjectVersion:   Dev-Physics-Ext (35F94A83-E258-406C-A318-09F59610247C): 41
LogDevObjectVersion:   Dev-PhysicsMaterial-Chaos (B68FC16E-8B1B-42E2-B453-215C058844FE): 1
LogDevObjectVersion:   Dev-CineCamera (B2E18506-4273-CFC2-A54E-F4BB758BBA07): 1
LogDevObjectVersion:   Dev-VirtualProduction (64F58936-FD1B-42BA-BA96-7289D5D0FA4E): 1
LogDevObjectVersion:   Dev-MediaFramework (6F0ED827-A609-4895-9C91-998D90180EA4): 2
LogInit: Presizing for max 25165824 objects, including 0 objects not considered by GC, pre-allocating 0 bytes for permanent pool.
LogConfig: Applying CVar settings from Section [/Script/Engine.StreamingSettings] File [C:/Users/KIM/Documents/Unreal Projects/내프로젝트T/Saved/Config/Windows/Engine.ini]
LogConfig: Setting CVar [[s.MinBulkDataSizeForAsyncLoading:131072]]
LogConfig: Setting CVar [[s.AsyncLoadingThreadEnabled:0]]
LogConfig: Setting CVar [[s.EventDrivenLoaderEnabled:1]]
LogConfig: Setting CVar [[s.WarnIfTimeLimitExceeded:0]]
LogConfig: Setting CVar [[s.TimeLimitExceededMultiplier:1.5]]
LogConfig: Setting CVar [[s.TimeLimitExceededMinTime:0.005]]
LogConfig: Setting CVar [[s.UseBackgroundLevelStreaming:1]]
LogConfig: Setting CVar [[s.PriorityAsyncLoadingExtraTime:15.0]]
LogConfig: Setting CVar [[s.LevelStreamingActorsUpdateTimeLimit:5.0]]
LogConfig: Setting CVar [[s.PriorityLevelStreamingActorsUpdateExtraTime:5.0]]
LogConfig: Setting CVar [[s.LevelStreamingComponentsRegistrationGranularity:10]]
LogConfig: Setting CVar [[s.UnregisterComponentsTimeLimit:1.0]]
LogConfig: Setting CVar [[s.LevelStreamingComponentsUnregistrationGranularity:5]]
LogConfig: Setting CVar [[s.FlushStreamingOnExit:1]]
LogInit: Object subsystem initialized
LogConfig: Setting CVar [[con.DebugEarlyDefault:1]]
LogConfig: Setting CVar [[r.setres:1280x720]]
[2024.05.26-16.03.34:659][  0]LogConfig: Setting CVar [[con.DebugEarlyDefault:1]]
[2024.05.26-16.03.34:659][  0]LogConfig: Setting CVar [[r.setres:1280x720]]
[2024.05.26-16.03.34:659][  0]LogConfig: Applying CVar settings from Section [/Script/Engine.RendererSettings] File [C:/Users/KIM/Documents/Unreal Projects/내프로젝트T/Saved/Config/Windows/Engine.ini]
[2024.05.26-16.03.34:659][  0]LogConfig: Setting CVar [[r.GPUCrashDebugging:0]]
[2024.05.26-16.03.34:659][  0]LogConfig: Applying CVar settings from Section [/Script/Engine.RendererOverrideSettings] File [C:/Users/KIM/Documents/Unreal Projects/내프로젝트T/Saved/Config/Windows/Engine.ini]
[2024.05.26-16.03.34:659][  0]LogConfig: Applying CVar settings from Section [/Script/Engine.StreamingSettings] File [C:/Users/KIM/Documents/Unreal Projects/내프로젝트T/Saved/Config/Windows/Engine.ini]
[2024.05.26-16.03.34:659][  0]LogConfig: Setting CVar [[s.MinBulkDataSizeForAsyncLoading:131072]]
[2024.05.26-16.03.34:659][  0]LogConfig: Setting CVar [[s.AsyncLoadingThreadEnabled:0]]
[2024.05.26-16.03.34:659][  0]LogConfig: Setting CVar [[s.EventDrivenLoaderEnabled:1]]
[2024.05.26-16.03.34:659][  0]LogConfig: Setting CVar [[s.WarnIfTimeLimitExceeded:0]]
[2024.05.26-16.03.34:659][  0]LogConfig: Setting CVar [[s.TimeLimitExceededMultiplier:1.5]]
[2024.05.26-16.03.34:659][  0]LogConfig: Setting CVar [[s.TimeLimitExceededMinTime:0.005]]
[2024.05.26-16.03.34:659][  0]LogConfig: Setting CVar [[s.UseBackgroundLevelStreaming:1]]
[2024.05.26-16.03.34:659][  0]LogConfig: Setting CVar [[s.PriorityAsyncLoadingExtraTime:15.0]]
[2024.05.26-16.03.34:659][  0]LogConfig: Setting CVar [[s.LevelStreamingActorsUpdateTimeLimit:5.0]]
[2024.05.26-16.03.34:659][  0]LogConfig: Setting CVar [[s.PriorityLevelStreamingActorsUpdateExtraTime:5.0]]
[2024.05.26-16.03.34:659][  0]LogConfig: Setting CVar [[s.LevelStreamingComponentsRegistrationGranularity:10]]
[2024.05.26-16.03.34:659][  0]LogConfig: Setting CVar [[s.UnregisterComponentsTimeLimit:1.0]]
[2024.05.26-16.03.34:659][  0]LogConfig: Setting CVar [[s.LevelStreamingComponentsUnregistrationGranularity:5]]
[2024.05.26-16.03.34:659][  0]LogConfig: Setting CVar [[s.FlushStreamingOnExit:1]]
[2024.05.26-16.03.34:659][  0]LogConfig: Applying CVar settings from Section [/Script/Engine.GarbageCollectionSettings] File [C:/Users/KIM/Documents/Unreal Projects/내프로젝트T/Saved/Config/Windows/Engine.ini]
[2024.05.26-16.03.34:659][  0]LogConfig: Setting CVar [[gc.MaxObjectsNotConsideredByGC:1]]
[2024.05.26-16.03.34:659][  0]LogConfig: Setting CVar [[gc.SizeOfPermanentObjectPool:0]]
[2024.05.26-16.03.34:659][  0]LogConfig: Setting CVar [[gc.FlushStreamingOnGC:0]]
[2024.05.26-16.03.34:659][  0]LogConfig: Setting CVar [[gc.NumRetriesBeforeForcingGC:10]]
[2024.05.26-16.03.34:659][  0]LogConfig: Setting CVar [[gc.AllowParallelGC:1]]
[2024.05.26-16.03.34:659][  0]LogConfig: Setting CVar [[gc.TimeBetweenPurgingPendingKillObjects:61.1]]
[2024.05.26-16.03.34:659][  0]LogConfig: Setting CVar [[gc.MaxObjectsInEditor:25165824]]
[2024.05.26-16.03.34:659][  0]LogConfig: Setting CVar [[gc.IncrementalBeginDestroyEnabled:1]]
[2024.05.26-16.03.34:660][  0]LogConfig: Setting CVar [[gc.CreateGCClusters:1]]
[2024.05.26-16.03.34:660][  0]LogConfig: Setting CVar [[gc.MinGCClusterSize:5]]
[2024.05.26-16.03.34:660][  0]LogConfig: Setting CVar [[gc.ActorClusteringEnabled:0]]
[2024.05.26-16.03.34:660][  0]LogConfig: Setting CVar [[gc.BlueprintClusteringEnabled:0]]
[2024.05.26-16.03.34:660][  0]LogConfig: Setting CVar [[gc.UseDisregardForGCOnDedicatedServers:0]]
[2024.05.26-16.03.34:660][  0]LogConfig: Setting CVar [[gc.MultithreadedDestructionEnabled:1]]
[2024.05.26-16.03.34:660][  0]LogConfig: Applying CVar settings from Section [/Script/Engine.NetworkSettings] File [C:/Users/KIM/Documents/Unreal Projects/내프로젝트T/Saved/Config/Windows/Engine.ini]
[2024.05.26-16.03.34:660][  0]LogConfig: Applying CVar settings from Section [/Script/UnrealEd.CookerSettings] File [C:/Users/KIM/Documents/Unreal Projects/내프로젝트T/Saved/Config/Windows/Engine.ini]
[2024.05.26-16.03.34:679][  0]LogConfig: Applying CVar settings from Section [ViewDistanceQuality@3] File [C:/Users/KIM/Documents/Unreal Projects/내프로젝트T/Saved/Config/Windows/Scalability.ini]
[2024.05.26-16.03.34:679][  0]LogConfig: Setting CVar [[r.SkeletalMeshLODBias:0]]
[2024.05.26-16.03.34:679][  0]LogConfig: Setting CVar [[r.ViewDistanceScale:1.0]]
[2024.05.26-16.03.34:679][  0]LogConfig: Applying CVar settings from Section [AntiAliasingQuality@3] File [C:/Users/KIM/Documents/Unreal Projects/내프로젝트T/Saved/Config/Windows/Scalability.ini]
[2024.05.26-16.03.34:679][  0]LogConfig: Setting CVar [[r.PostProcessAAQuality:4]]
[2024.05.26-16.03.34:679][  0]LogConfig: Applying CVar settings from Section [ShadowQuality@3] File [C:/Users/KIM/Documents/Unreal Projects/내프로젝트T/Saved/Config/Windows/Scalability.ini]
[2024.05.26-16.03.34:679][  0]LogConfig: Setting CVar [[r.LightFunctionQuality:1]]
[2024.05.26-16.03.34:679][  0]LogConfig: Setting CVar [[r.ShadowQuality:5]]
[2024.05.26-16.03.34:679][  0]LogConfig: Setting CVar [[r.Shadow.CSM.MaxCascades:10]]
[2024.05.26-16.03.34:679][  0]LogConfig: Setting CVar [[r.Shadow.MaxResolution:2048]]
[2024.05.26-16.03.34:679][  0]LogConfig: Setting CVar [[r.Shadow.MaxCSMResolution:2048]]
[2024.05.26-16.03.34:679][  0]LogConfig: Setting CVar [[r.Shadow.RadiusThreshold:0.01]]
[2024.05.26-16.03.34:679][  0]LogConfig: Setting CVar [[r.Shadow.DistanceScale:1.0]]
[2024.05.26-16.03.34:679][  0]LogConfig: Setting CVar [[r.Shadow.CSM.TransitionScale:1.0]]
[2024.05.26-16.03.34:679][  0]LogConfig: Setting CVar [[r.Shadow.PreShadowResolutionFactor:1.0]]
[2024.05.26-16.03.34:679][  0]LogConfig: Setting CVar [[r.DistanceFieldShadowing:1]]
[2024.05.26-16.03.34:679][  0]LogConfig: Setting CVar [[r.DistanceFieldAO:1]]
[2024.05.26-16.03.34:679][  0]LogConfig: Setting CVar [[r.AOQuality:2]]
[2024.05.26-16.03.34:679][  0]LogConfig: Setting CVar [[r.VolumetricFog:1]]
[2024.05.26-16.03.34:679][  0]LogConfig: Setting CVar [[r.VolumetricFog.GridPixelSize:8]]
[2024.05.26-16.03.34:679][  0]LogConfig: Setting CVar [[r.VolumetricFog.GridSizeZ:128]]
[2024.05.26-16.03.34:679][  0]LogConfig: Setting CVar [[r.VolumetricFog.HistoryMissSupersampleCount:4]]
[2024.05.26-16.03.34:679][  0]LogConfig: Setting CVar [[r.LightMaxDrawDistanceScale:1]]
[2024.05.26-16.03.34:679][  0]LogConfig: Setting CVar [[r.CapsuleShadows:1]]
[2024.05.26-16.03.34:679][  0]LogConfig: Applying CVar settings from Section [PostProcessQuality@3] File [C:/Users/KIM/Documents/Unreal Projects/내프로젝트T/Saved/Config/Windows/Scalability.ini]
[2024.05.26-16.03.34:679][  0]LogConfig: Setting CVar [[r.MotionBlurQuality:4]]
[2024.05.26-16.03.34:679][  0]LogConfig: Setting CVar [[r.AmbientOcclusionMipLevelFactor:0.4]]
[2024.05.26-16.03.34:679][  0]LogConfig: Setting CVar [[r.AmbientOcclusionMaxQuality:100]]
[2024.05.26-16.03.34:679][  0]LogConfig: Setting CVar [[r.AmbientOcclusionLevels:-1]]
[2024.05.26-16.03.34:679][  0]LogConfig: Setting CVar [[r.AmbientOcclusionRadiusScale:1.0]]
[2024.05.26-16.03.34:679][  0]LogConfig: Setting CVar [[r.DepthOfFieldQuality:2]]
[2024.05.26-16.03.34:679][  0]LogConfig: Setting CVar [[r.RenderTargetPoolMin:400]]
[2024.05.26-16.03.34:679][  0]LogConfig: Setting CVar [[r.LensFlareQuality:2]]
[2024.05.26-16.03.34:679][  0]LogConfig: Setting CVar [[r.SceneColorFringeQuality:1]]
[2024.05.26-16.03.34:679][  0]LogConfig: Setting CVar [[r.EyeAdaptationQuality:2]]
[2024.05.26-16.03.34:679][  0]LogConfig: Setting CVar [[r.BloomQuality:5]]
[2024.05.26-16.03.34:680][  0]LogConfig: Setting CVar [[r.FastBlurThreshold:100]]
[2024.05.26-16.03.34:680][  0]LogConfig: Setting CVar [[r.Upscale.Quality:3]]
[2024.05.26-16.03.34:680][  0]LogConfig: Setting CVar [[r.Tonemapper.GrainQuantization:1]]
[2024.05.26-16.03.34:680][  0]LogConfig: Setting CVar [[r.LightShaftQuality:1]]
[2024.05.26-16.03.34:680][  0]LogConfig: Setting CVar [[r.Filter.SizeScale:1]]
[2024.05.26-16.03.34:680][  0]LogConfig: Setting CVar [[r.Tonemapper.Quality:5]]
[2024.05.26-16.03.34:680][  0]LogConfig: Setting CVar [[r.DOF.Gather.AccumulatorQuality:1        ; higher gathering accumulator quality]]
[2024.05.26-16.03.34:680][  0]LogConfig: Setting CVar [[r.DOF.Gather.PostfilterMethod:1          ; Median3x3 postfilering method]]
[2024.05.26-16.03.34:680][  0]LogConfig: Setting CVar [[r.DOF.Gather.EnableBokehSettings:0       ; no bokeh simulation when gathering]]
[2024.05.26-16.03.34:680][  0]LogConfig: Setting CVar [[r.DOF.Gather.RingCount:4                 ; medium number of samples when gathering]]
[2024.05.26-16.03.34:680][  0]LogConfig: Setting CVar [[r.DOF.Scatter.ForegroundCompositing:1    ; additive foreground scattering]]
[2024.05.26-16.03.34:680][  0]LogConfig: Setting CVar [[r.DOF.Scatter.BackgroundCompositing:2    ; additive background scattering]]
[2024.05.26-16.03.34:680][  0]LogConfig: Setting CVar [[r.DOF.Scatter.EnableBokehSettings:1      ; bokeh simulation when scattering]]
[2024.05.26-16.03.34:680][  0]LogConfig: Setting CVar [[r.DOF.Scatter.MaxSpriteRatio:0.1         ; only a maximum of 10% of scattered bokeh]]
[2024.05.26-16.03.34:680][  0]LogConfig: Setting CVar [[r.DOF.Recombine.Quality:1                ; cheap slight out of focus]]
[2024.05.26-16.03.34:680][  0]LogConfig: Setting CVar [[r.DOF.Recombine.EnableBokehSettings:0    ; no bokeh simulation on slight out of focus]]
[2024.05.26-16.03.34:680][  0]LogConfig: Setting CVar [[r.DOF.TemporalAAQuality:1                ; more stable temporal accumulation]]
[2024.05.26-16.03.34:680][  0]LogConfig: Setting CVar [[r.DOF.Kernel.MaxForegroundRadius:0.025]]
[2024.05.26-16.03.34:680][  0]LogConfig: Setting CVar [[r.DOF.Kernel.MaxBackgroundRadius:0.025]]
[2024.05.26-16.03.34:680][  0]LogConfig: Applying CVar settings from Section [TextureQuality@3] File [C:/Users/KIM/Documents/Unreal Projects/내프로젝트T/Saved/Config/Windows/Scalability.ini]
[2024.05.26-16.03.34:680][  0]LogConfig: Setting CVar [[r.Streaming.MipBias:0]]
[2024.05.26-16.03.34:680][  0]LogConfig: Setting CVar [[r.Streaming.AmortizeCPUToGPUCopy:0]]
[2024.05.26-16.03.34:680][  0]LogConfig: Setting CVar [[r.Streaming.MaxNumTexturesToStreamPerFrame:0]]
[2024.05.26-16.03.34:680][  0]LogConfig: Setting CVar [[r.Streaming.Boost:1]]
[2024.05.26-16.03.34:680][  0]LogConfig: Setting CVar [[r.MaxAnisotropy:8]]
[2024.05.26-16.03.34:680][  0]LogConfig: Setting CVar [[r.VT.MaxAnisotropy:8]]
[2024.05.26-16.03.34:680][  0]LogConfig: Setting CVar [[r.Streaming.LimitPoolSizeToVRAM:0]]
[2024.05.26-16.03.34:680][  0]LogConfig: Setting CVar [[r.Streaming.PoolSize:1000]]
[2024.05.26-16.03.34:680][  0]LogConfig: Setting CVar [[r.Streaming.MaxEffectiveScreenSize:0]]
[2024.05.26-16.03.34:680][  0]LogConfig: Applying CVar settings from Section [EffectsQuality@3] File [C:/Users/KIM/Documents/Unreal Projects/내프로젝트T/Saved/Config/Windows/Scalability.ini]
[2024.05.26-16.03.34:680][  0]LogConfig: Setting CVar [[r.TranslucencyLightingVolumeDim:64]]
[2024.05.26-16.03.34:680][  0]LogConfig: Setting CVar [[r.RefractionQuality:2]]
[2024.05.26-16.03.34:680][  0]LogConfig: Setting CVar [[r.SSR.Quality:3]]
[2024.05.26-16.03.34:680][  0]LogConfig: Setting CVar [[r.SSR.HalfResSceneColor:0]]
[2024.05.26-16.03.34:680][  0]LogConfig: Setting CVar [[r.SceneColorFormat:4]]
[2024.05.26-16.03.34:680][  0]LogConfig: Setting CVar [[r.DetailMode:2]]
[2024.05.26-16.03.34:680][  0]LogConfig: Setting CVar [[r.TranslucencyVolumeBlur:1]]
[2024.05.26-16.03.34:680][  0]LogConfig: Setting CVar [[r.MaterialQualityLevel:1 ; High quality]]
[2024.05.26-16.03.34:680][  0]LogConfig: Setting CVar [[r.AnisotropicMaterials:1]]
[2024.05.26-16.03.34:680][  0]LogConfig: Setting CVar [[r.SSS.Scale:1]]
[2024.05.26-16.03.34:680][  0]LogConfig: Setting CVar [[r.SSS.SampleSet:2]]
[2024.05.26-16.03.34:680][  0]LogConfig: Setting CVar [[r.SSS.Quality:1]]
[2024.05.26-16.03.34:680][  0]LogConfig: Setting CVar [[r.SSS.HalfRes:0]]
[2024.05.26-16.03.34:680][  0]LogConfig: Setting CVar [[r.SSGI.Quality:3]]
[2024.05.26-16.03.34:680][  0]LogConfig: Setting CVar [[r.EmitterSpawnRateScale:1.0]]
[2024.05.26-16.03.34:680][  0]LogConfig: Setting CVar [[r.ParticleLightQuality:2]]
[2024.05.26-16.03.34:680][  0]LogConfig: Setting CVar [[r.SkyAtmosphere.AerialPerspectiveLUT.FastApplyOnOpaque:1 ; Always have FastSkyLUT 1 in this case to avoid wrong sky]]
[2024.05.26-16.03.34:680][  0]LogConfig: Setting CVar [[r.SkyAtmosphere.AerialPerspectiveLUT.SampleCountMaxPerSlice:4]]
[2024.05.26-16.03.34:680][  0]LogConfig: Setting CVar [[r.SkyAtmosphere.AerialPerspectiveLUT.DepthResolution:16.0]]
[2024.05.26-16.03.34:680][  0]LogConfig: Setting CVar [[r.SkyAtmosphere.FastSkyLUT:1]]
[2024.05.26-16.03.34:680][  0]LogConfig: Setting CVar [[r.SkyAtmosphere.FastSkyLUT.SampleCountMin:4.0]]
[2024.05.26-16.03.34:680][  0]LogConfig: Setting CVar [[r.SkyAtmosphere.FastSkyLUT.SampleCountMax:128.0]]
[2024.05.26-16.03.34:680][  0]LogConfig: Setting CVar [[r.SkyAtmosphere.SampleCountMin:4.0]]
[2024.05.26-16.03.34:680][  0]LogConfig: Setting CVar [[r.SkyAtmosphere.SampleCountMax:128.0]]
[2024.05.26-16.03.34:680][  0]LogConfig: Setting CVar [[r.SkyAtmosphere.TransmittanceLUT.UseSmallFormat:0]]
[2024.05.26-16.03.34:680][  0]LogConfig: Setting CVar [[r.SkyAtmosphere.TransmittanceLUT.SampleCount:10.0]]
[2024.05.26-16.03.34:680][  0]LogConfig: Setting CVar [[r.SkyAtmosphere.MultiScatteringLUT.SampleCount:15.0]]
[2024.05.26-16.03.34:680][  0]LogConfig: Setting CVar [[r.SkyLight.RealTimeReflectionCapture:1]]
[2024.05.26-16.03.34:680][  0]LogConfig: Applying CVar settings from Section [FoliageQuality@3] File [C:/Users/KIM/Documents/Unreal Projects/내프로젝트T/Saved/Config/Windows/Scalability.ini]
[2024.05.26-16.03.34:680][  0]LogConfig: Setting CVar [[foliage.DensityScale:1.0]]
[2024.05.26-16.03.34:680][  0]LogConfig: Setting CVar [[grass.DensityScale:1.0]]
[2024.05.26-16.03.34:680][  0]LogConfig: Applying CVar settings from Section [ShadingQuality@3] File [C:/Users/KIM/Documents/Unreal Projects/내프로젝트T/Saved/Config/Windows/Scalability.ini]
[2024.05.26-16.03.34:680][  0]LogConfig: Setting CVar [[r.HairStrands.SkyLighting.IntegrationType:2]]
[2024.05.26-16.03.34:680][  0]LogConfig: Setting CVar [[r.HairStrands.SkyAO.SampleCount:4]]
[2024.05.26-16.03.34:680][  0]LogConfig: Setting CVar [[r.HairStrands.Visibility.MSAA.SamplePerPixel:4]]
[2024.05.26-16.03.34:680][  0]LogInit: Selected Device Profile: [Windows]
[2024.05.26-16.03.34:680][  0]LogInit: Applying CVar settings loaded from the selected device profile: [Windows]
[2024.05.26-16.03.34:680][  0]LogHAL: Display: Platform has ~ 16 GB [16737931264 / 17179869184 / 16], which maps to Larger [LargestMinGB=32, LargerMinGB=12, DefaultMinGB=8, SmallerMinGB=6, SmallestMinGB=0)
[2024.05.26-16.03.34:680][  0]LogInit: Going up to parent DeviceProfile []
[2024.05.26-16.03.34:680][  0]LogConfig: Applying CVar settings from Section [ViewDistanceQuality@3] File [C:/Users/KIM/Documents/Unreal Projects/내프로젝트T/Saved/Config/Windows/Scalability.ini]
[2024.05.26-16.03.34:680][  0]LogConfig: Setting CVar [[r.SkeletalMeshLODBias:0]]
[2024.05.26-16.03.34:680][  0]LogConfig: Setting CVar [[r.ViewDistanceScale:1.0]]
[2024.05.26-16.03.34:680][  0]LogConfig: Applying CVar settings from Section [AntiAliasingQuality@3] File [C:/Users/KIM/Documents/Unreal Projects/내프로젝트T/Saved/Config/Windows/Scalability.ini]
[2024.05.26-16.03.34:680][  0]LogConfig: Setting CVar [[r.PostProcessAAQuality:4]]
[2024.05.26-16.03.34:680][  0]LogConfig: Applying CVar settings from Section [ShadowQuality@3] File [C:/Users/KIM/Documents/Unreal Projects/내프로젝트T/Saved/Config/Windows/Scalability.ini]
[2024.05.26-16.03.34:680][  0]LogConfig: Setting CVar [[r.LightFunctionQuality:1]]
[2024.05.26-16.03.34:680][  0]LogConfig: Setting CVar [[r.ShadowQuality:5]]
[2024.05.26-16.03.34:680][  0]LogConfig: Setting CVar [[r.Shadow.CSM.MaxCascades:10]]
[2024.05.26-16.03.34:681][  0]LogConfig: Setting CVar [[r.Shadow.MaxResolution:2048]]
[2024.05.26-16.03.34:681][  0]LogConfig: Setting CVar [[r.Shadow.MaxCSMResolution:2048]]
[2024.05.26-16.03.34:681][  0]LogConfig: Setting CVar [[r.Shadow.RadiusThreshold:0.01]]
[2024.05.26-16.03.34:681][  0]LogConfig: Setting CVar [[r.Shadow.DistanceScale:1.0]]
[2024.05.26-16.03.34:681][  0]LogConfig: Setting CVar [[r.Shadow.CSM.TransitionScale:1.0]]
[2024.05.26-16.03.34:681][  0]LogConfig: Setting CVar [[r.Shadow.PreShadowResolutionFactor:1.0]]
[2024.05.26-16.03.34:681][  0]LogConfig: Setting CVar [[r.DistanceFieldShadowing:1]]
[2024.05.26-16.03.34:681][  0]LogConfig: Setting CVar [[r.DistanceFieldAO:1]]
[2024.05.26-16.03.34:681][  0]LogConfig: Setting CVar [[r.AOQuality:2]]
[2024.05.26-16.03.34:681][  0]LogConfig: Setting CVar [[r.VolumetricFog:1]]
[2024.05.26-16.03.34:681][  0]LogConfig: Setting CVar [[r.VolumetricFog.GridPixelSize:8]]
[2024.05.26-16.03.34:681][  0]LogConfig: Setting CVar [[r.VolumetricFog.GridSizeZ:128]]
[2024.05.26-16.03.34:681][  0]LogConfig: Setting CVar [[r.VolumetricFog.HistoryMissSupersampleCount:4]]
[2024.05.26-16.03.34:681][  0]LogConfig: Setting CVar [[r.LightMaxDrawDistanceScale:1]]
[2024.05.26-16.03.34:681][  0]LogConfig: Setting CVar [[r.CapsuleShadows:1]]
[2024.05.26-16.03.34:681][  0]LogConfig: Applying CVar settings from Section [PostProcessQuality@3] File [C:/Users/KIM/Documents/Unreal Projects/내프로젝트T/Saved/Config/Windows/Scalability.ini]
[2024.05.26-16.03.34:681][  0]LogConfig: Setting CVar [[r.MotionBlurQuality:4]]
[2024.05.26-16.03.34:681][  0]LogConfig: Setting CVar [[r.AmbientOcclusionMipLevelFactor:0.4]]
[2024.05.26-16.03.34:681][  0]LogConfig: Setting CVar [[r.AmbientOcclusionMaxQuality:100]]
[2024.05.26-16.03.34:681][  0]LogConfig: Setting CVar [[r.AmbientOcclusionLevels:-1]]
[2024.05.26-16.03.34:681][  0]LogConfig: Setting CVar [[r.AmbientOcclusionRadiusScale:1.0]]
[2024.05.26-16.03.34:681][  0]LogConfig: Setting CVar [[r.DepthOfFieldQuality:2]]
[2024.05.26-16.03.34:681][  0]LogConfig: Setting CVar [[r.RenderTargetPoolMin:400]]
[2024.05.26-16.03.34:681][  0]LogConfig: Setting CVar [[r.LensFlareQuality:2]]
[2024.05.26-16.03.34:681][  0]LogConfig: Setting CVar [[r.SceneColorFringeQuality:1]]
[2024.05.26-16.03.34:681][  0]LogConfig: Setting CVar [[r.EyeAdaptationQuality:2]]
[2024.05.26-16.03.34:681][  0]LogConfig: Setting CVar [[r.BloomQuality:5]]
[2024.05.26-16.03.34:681][  0]LogConfig: Setting CVar [[r.FastBlurThreshold:100]]
[2024.05.26-16.03.34:681][  0]LogConfig: Setting CVar [[r.Upscale.Quality:3]]
[2024.05.26-16.03.34:681][  0]LogConfig: Setting CVar [[r.Tonemapper.GrainQuantization:1]]
[2024.05.26-16.03.34:681][  0]LogConfig: Setting CVar [[r.LightShaftQuality:1]]
[2024.05.26-16.03.34:681][  0]LogConfig: Setting CVar [[r.Filter.SizeScale:1]]
[2024.05.26-16.03.34:681][  0]LogConfig: Setting CVar [[r.Tonemapper.Quality:5]]
[2024.05.26-16.03.34:681][  0]LogConfig: Setting CVar [[r.DOF.Gather.AccumulatorQuality:1        ; higher gathering accumulator quality]]
[2024.05.26-16.03.34:681][  0]LogConfig: Setting CVar [[r.DOF.Gather.PostfilterMethod:1          ; Median3x3 postfilering method]]
[2024.05.26-16.03.34:681][  0]LogConfig: Setting CVar [[r.DOF.Gather.EnableBokehSettings:0       ; no bokeh simulation when gathering]]
[2024.05.26-16.03.34:681][  0]LogConfig: Setting CVar [[r.DOF.Gather.RingCount:4                 ; medium number of samples when gathering]]
[2024.05.26-16.03.34:681][  0]LogConfig: Setting CVar [[r.DOF.Scatter.ForegroundCompositing:1    ; additive foreground scattering]]
[2024.05.26-16.03.34:681][  0]LogConfig: Setting CVar [[r.DOF.Scatter.BackgroundCompositing:2    ; additive background scattering]]
[2024.05.26-16.03.34:681][  0]LogConfig: Setting CVar [[r.DOF.Scatter.EnableBokehSettings:1      ; bokeh simulation when scattering]]
[2024.05.26-16.03.34:681][  0]LogConfig: Setting CVar [[r.DOF.Scatter.MaxSpriteRatio:0.1         ; only a maximum of 10% of scattered bokeh]]
[2024.05.26-16.03.34:681][  0]LogConfig: Setting CVar [[r.DOF.Recombine.Quality:1                ; cheap slight out of focus]]
[2024.05.26-16.03.34:681][  0]LogConfig: Setting CVar [[r.DOF.Recombine.EnableBokehSettings:0    ; no bokeh simulation on slight out of focus]]
[2024.05.26-16.03.34:681][  0]LogConfig: Setting CVar [[r.DOF.TemporalAAQuality:1                ; more stable temporal accumulation]]
[2024.05.26-16.03.34:681][  0]LogConfig: Setting CVar [[r.DOF.Kernel.MaxForegroundRadius:0.025]]
[2024.05.26-16.03.34:681][  0]LogConfig: Setting CVar [[r.DOF.Kernel.MaxBackgroundRadius:0.025]]
[2024.05.26-16.03.34:681][  0]LogConfig: Applying CVar settings from Section [TextureQuality@3] File [C:/Users/KIM/Documents/Unreal Projects/내프로젝트T/Saved/Config/Windows/Scalability.ini]
[2024.05.26-16.03.34:681][  0]LogConfig: Setting CVar [[r.Streaming.MipBias:0]]
[2024.05.26-16.03.34:681][  0]LogConfig: Setting CVar [[r.Streaming.AmortizeCPUToGPUCopy:0]]
[2024.05.26-16.03.34:681][  0]LogConfig: Setting CVar [[r.Streaming.MaxNumTexturesToStreamPerFrame:0]]
[2024.05.26-16.03.34:681][  0]LogConfig: Setting CVar [[r.Streaming.Boost:1]]
[2024.05.26-16.03.34:681][  0]LogConfig: Setting CVar [[r.MaxAnisotropy:8]]
[2024.05.26-16.03.34:681][  0]LogConfig: Setting CVar [[r.VT.MaxAnisotropy:8]]
[2024.05.26-16.03.34:681][  0]LogConfig: Setting CVar [[r.Streaming.LimitPoolSizeToVRAM:0]]
[2024.05.26-16.03.34:681][  0]LogConfig: Setting CVar [[r.Streaming.PoolSize:1000]]
[2024.05.26-16.03.34:681][  0]LogConfig: Setting CVar [[r.Streaming.MaxEffectiveScreenSize:0]]
[2024.05.26-16.03.34:681][  0]LogConfig: Applying CVar settings from Section [EffectsQuality@3] File [C:/Users/KIM/Documents/Unreal Projects/내프로젝트T/Saved/Config/Windows/Scalability.ini]
[2024.05.26-16.03.34:681][  0]LogConfig: Setting CVar [[r.TranslucencyLightingVolumeDim:64]]
[2024.05.26-16.03.34:681][  0]LogConfig: Setting CVar [[r.RefractionQuality:2]]
[2024.05.26-16.03.34:681][  0]LogConfig: Setting CVar [[r.SSR.Quality:3]]
[2024.05.26-16.03.34:681][  0]LogConfig: Setting CVar [[r.SSR.HalfResSceneColor:0]]
[2024.05.26-16.03.34:681][  0]LogConfig: Setting CVar [[r.SceneColorFormat:4]]
[2024.05.26-16.03.34:681][  0]LogConfig: Setting CVar [[r.DetailMode:2]]
[2024.05.26-16.03.34:681][  0]LogConfig: Setting CVar [[r.TranslucencyVolumeBlur:1]]
[2024.05.26-16.03.34:681][  0]LogConfig: Setting CVar [[r.MaterialQualityLevel:1 ; High quality]]
[2024.05.26-16.03.34:681][  0]LogConfig: Setting CVar [[r.AnisotropicMaterials:1]]
[2024.05.26-16.03.34:681][  0]LogConfig: Setting CVar [[r.SSS.Scale:1]]
[2024.05.26-16.03.34:681][  0]LogConfig: Setting CVar [[r.SSS.SampleSet:2]]
[2024.05.26-16.03.34:681][  0]LogConfig: Setting CVar [[r.SSS.Quality:1]]
[2024.05.26-16.03.34:681][  0]LogConfig: Setting CVar [[r.SSS.HalfRes:0]]
[2024.05.26-16.03.34:681][  0]LogConfig: Setting CVar [[r.SSGI.Quality:3]]
[2024.05.26-16.03.34:681][  0]LogConfig: Setting CVar [[r.EmitterSpawnRateScale:1.0]]
[2024.05.26-16.03.34:681][  0]LogConfig: Setting CVar [[r.ParticleLightQuality:2]]
[2024.05.26-16.03.34:681][  0]LogConfig: Setting CVar [[r.SkyAtmosphere.AerialPerspectiveLUT.FastApplyOnOpaque:1 ; Always have FastSkyLUT 1 in this case to avoid wrong sky]]
[2024.05.26-16.03.34:681][  0]LogConfig: Setting CVar [[r.SkyAtmosphere.AerialPerspectiveLUT.SampleCountMaxPerSlice:4]]
[2024.05.26-16.03.34:681][  0]LogConfig: Setting CVar [[r.SkyAtmosphere.AerialPerspectiveLUT.DepthResolution:16.0]]
[2024.05.26-16.03.34:681][  0]LogConfig: Setting CVar [[r.SkyAtmosphere.FastSkyLUT:1]]
[2024.05.26-16.03.34:681][  0]LogConfig: Setting CVar [[r.SkyAtmosphere.FastSkyLUT.SampleCountMin:4.0]]
[2024.05.26-16.03.34:681][  0]LogConfig: Setting CVar [[r.SkyAtmosphere.FastSkyLUT.SampleCountMax:128.0]]
[2024.05.26-16.03.34:681][  0]LogConfig: Setting CVar [[r.SkyAtmosphere.SampleCountMin:4.0]]
[2024.05.26-16.03.34:681][  0]LogConfig: Setting CVar [[r.SkyAtmosphere.SampleCountMax:128.0]]
[2024.05.26-16.03.34:681][  0]LogConfig: Setting CVar [[r.SkyAtmosphere.TransmittanceLUT.UseSmallFormat:0]]
[2024.05.26-16.03.34:681][  0]LogConfig: Setting CVar [[r.SkyAtmosphere.TransmittanceLUT.SampleCount:10.0]]
[2024.05.26-16.03.34:681][  0]LogConfig: Setting CVar [[r.SkyAtmosphere.MultiScatteringLUT.SampleCount:15.0]]
[2024.05.26-16.03.34:681][  0]LogConfig: Setting CVar [[r.SkyLight.RealTimeReflectionCapture:1]]
[2024.05.26-16.03.34:681][  0]LogConfig: Applying CVar settings from Section [FoliageQuality@3] File [C:/Users/KIM/Documents/Unreal Projects/내프로젝트T/Saved/Config/Windows/Scalability.ini]
[2024.05.26-16.03.34:681][  0]LogConfig: Setting CVar [[foliage.DensityScale:1.0]]
[2024.05.26-16.03.34:681][  0]LogConfig: Setting CVar [[grass.DensityScale:1.0]]
[2024.05.26-16.03.34:681][  0]LogConfig: Applying CVar settings from Section [ShadingQuality@3] File [C:/Users/KIM/Documents/Unreal Projects/내프로젝트T/Saved/Config/Windows/Scalability.ini]
[2024.05.26-16.03.34:681][  0]LogConfig: Setting CVar [[r.HairStrands.SkyLighting.IntegrationType:2]]
[2024.05.26-16.03.34:681][  0]LogConfig: Setting CVar [[r.HairStrands.SkyAO.SampleCount:4]]
[2024.05.26-16.03.34:681][  0]LogConfig: Setting CVar [[r.HairStrands.Visibility.MSAA.SamplePerPixel:4]]
[2024.05.26-16.03.34:681][  0]LogConfig: Applying CVar settings from Section [Startup] File [../../../Engine/Config/ConsoleVariables.ini]
[2024.05.26-16.03.34:682][  0]LogConfig: Setting CVar [[net.UseAdaptiveNetUpdateFrequency:0]]
[2024.05.26-16.03.34:682][  0]LogConfig: Setting CVar [[p.chaos.AllowCreatePhysxBodies:1]]
[2024.05.26-16.03.34:682][  0]LogConfig: Setting CVar [[fx.SkipVectorVMBackendOptimizations:1]]
[2024.05.26-16.03.34:682][  0]LogConfig: Applying CVar settings from Section [ConsoleVariables] File [C:/Users/KIM/Documents/Unreal Projects/내프로젝트T/Saved/Config/Windows/Engine.ini]
[2024.05.26-16.03.34:682][  0]LogConfig: Applying CVar settings from Section [ConsoleVariables] File [C:/Users/KIM/Documents/Unreal Projects/내프로젝트T/Saved/Config/Windows/Editor.ini]
[2024.05.26-16.03.34:682][  0]LogInit: Computer: DESKTOP-O6SBORI
[2024.05.26-16.03.34:682][  0]LogInit: User: KIM
[2024.05.26-16.03.34:682][  0]LogInit: CPU Page size=4096, Cores=14
[2024.05.26-16.03.34:682][  0]LogInit: High frequency timer resolution =10.000000 MHz
[2024.05.26-16.03.34:682][  0]LogMemory: Memory total: Physical=15.6GB (16GB approx)
[2024.05.26-16.03.34:682][  0]LogMemory: Platform Memory Stats for Windows
[2024.05.26-16.03.34:682][  0]LogMemory: Process Physical Memory: 149.42 MB used, 149.42 MB peak
[2024.05.26-16.03.34:682][  0]LogMemory: Process Virtual Memory: 131.74 MB used, 131.74 MB peak
[2024.05.26-16.03.34:682][  0]LogMemory: Physical Memory: 8492.48 MB used,  7470.05 MB free, 15962.54 MB total
[2024.05.26-16.03.34:682][  0]LogMemory: Virtual Memory: 134209152.00 MB used,  8572.30 MB free, 134217728.00 MB total
[2024.05.26-16.03.34:690][  0]LogWindows: WindowsPlatformFeatures enabled
[2024.05.26-16.03.34:714][  0]LogInit: Physics initialised using underlying interface: PhysX
[2024.05.26-16.03.34:714][  0]LogInit: Using OS detected language (ko-KR).
[2024.05.26-16.03.34:714][  0]LogInit: Using OS detected locale (ko-KR).
[2024.05.26-16.03.34:715][  0]LogTextLocalizationManager: No specific localization for 'ko-KR' exists, so the 'ko' localization will be used.
[2024.05.26-16.03.34:862][  0]LogWindowsTextInputMethodSystem: Display: IME system deactivated.
[2024.05.26-16.03.34:900][  0]LogSlate: New Slate User Created.  User Index 0, Is Virtual User: 0
[2024.05.26-16.03.34:900][  0]LogSlate: Slate User Registered.  User Index 0, Is Virtual User: 0
[2024.05.26-16.03.34:923][  0]LogD3D11RHI: Loaded GFSDK_Aftermath_Lib.x64.dll
[2024.05.26-16.03.34:927][  0]LogHMD: Failed to initialize OpenVR with code 110
[2024.05.26-16.03.34:927][  0]LogD3D11RHI: D3D11 min allowed feature level: 11_0
[2024.05.26-16.03.34:927][  0]LogD3D11RHI: D3D11 max allowed feature level: 11_0
[2024.05.26-16.03.34:927][  0]LogD3D11RHI: D3D11 adapters:
[2024.05.26-16.03.34:989][  0]LogD3D11RHI:    0. 'Intel(R) Arc(TM) Graphics' (Feature Level 11_0)
[2024.05.26-16.03.34:989][  0]LogD3D11RHI:       128/0/7981 MB DedicatedVideo/DedicatedSystem/SharedSystem, Outputs:1, VendorId:0x8086
[2024.05.26-16.03.34:992][  0]LogD3D11RHI:    1. 'Microsoft Basic Render Driver' (Feature Level 11_0)
[2024.05.26-16.03.34:992][  0]LogD3D11RHI:       0/0/7981 MB DedicatedVideo/DedicatedSystem/SharedSystem, Outputs:0, VendorId:0x1414
[2024.05.26-16.03.34:992][  0]LogD3D11RHI: Chosen D3D11 Adapter:
[2024.05.26-16.03.34:992][  0]LogD3D11RHI:     Description : Intel(R) Arc(TM) Graphics
[2024.05.26-16.03.34:992][  0]LogD3D11RHI:     VendorId    : 8086
[2024.05.26-16.03.34:992][  0]LogD3D11RHI:     DeviceId    : 7d55
[2024.05.26-16.03.34:992][  0]LogD3D11RHI:     SubSysId    : c890144d
[2024.05.26-16.03.34:992][  0]LogD3D11RHI:     Revision    : 0008
[2024.05.26-16.03.34:992][  0]LogD3D11RHI:     DedicatedVideoMemory : 134217728 bytes
[2024.05.26-16.03.34:992][  0]LogD3D11RHI:     DedicatedSystemMemory : 0 bytes
[2024.05.26-16.03.34:992][  0]LogD3D11RHI:     SharedSystemMemory : 8368965632 bytes
[2024.05.26-16.03.34:992][  0]LogD3D11RHI:     AdapterLuid : 0 76367
[2024.05.26-16.03.34:998][  0]LogD3D11RHI: Creating new Direct3DDevice
[2024.05.26-16.03.34:998][  0]LogD3D11RHI:     GPU DeviceId: 0x7d55 (for the marketing name, search the web for "GPU Device Id")
[2024.05.26-16.03.34:998][  0]LogWindows: EnumDisplayDevices:
[2024.05.26-16.03.34:999][  0]LogWindows:    0. 'Intel(R) Arc(TM) Graphics' (P:1 D:1)
[2024.05.26-16.03.34:999][  0]LogWindows:    1. 'Intel(R) Arc(TM) Graphics' (P:0 D:0)
[2024.05.26-16.03.34:999][  0]LogWindows:    2. 'Intel(R) Arc(TM) Graphics' (P:0 D:0)
[2024.05.26-16.03.34:999][  0]LogWindows:    3. 'Intel(R) Arc(TM) Graphics' (P:0 D:0)
[2024.05.26-16.03.34:999][  0]LogWindows: DebugString: FoundDriverCount:4 
[2024.05.26-16.03.34:999][  0]LogD3D11RHI:     Adapter Name: Intel(R) Arc(TM) Graphics
[2024.05.26-16.03.34:999][  0]LogD3D11RHI:   Driver Version: 31.0.101.5333 (internal:31.0.101.5333, unified:31.0.101.5333)
[2024.05.26-16.03.34:999][  0]LogD3D11RHI:      Driver Date: 2-21-2024
[2024.05.26-16.03.34:999][  0]LogRHI: Texture pool is 1523 MB (70% of 2176 MB)
[2024.05.26-16.03.35:023][  0]LogD3D11RHI: Creating D3DDevice using adapter:
[2024.05.26-16.03.35:023][  0]LogD3D11RHI:     Description : Intel(R) Arc(TM) Graphics
[2024.05.26-16.03.35:023][  0]LogD3D11RHI:     VendorId    : 8086
[2024.05.26-16.03.35:023][  0]LogD3D11RHI:     DeviceId    : 7d55
[2024.05.26-16.03.35:023][  0]LogD3D11RHI:     SubSysId    : c890144d
[2024.05.26-16.03.35:023][  0]LogD3D11RHI:     Revision    : 0008
[2024.05.26-16.03.35:023][  0]LogD3D11RHI:     DedicatedVideoMemory : 134217728 bytes
[2024.05.26-16.03.35:023][  0]LogD3D11RHI:     DedicatedSystemMemory : 0 bytes
[2024.05.26-16.03.35:023][  0]LogD3D11RHI:     SharedSystemMemory : 8368965632 bytes
[2024.05.26-16.03.35:023][  0]LogD3D11RHI:     AdapterLuid : 0 76367
[2024.05.26-16.03.35:066][  0]LogD3D11RHI: RHI does not have support for 64 bit atomics
[2024.05.26-16.03.35:084][  0]LogD3D11RHI: Intel Extensions support version Full=16777216, Major=1, Minor=0, Revision=0
[2024.05.26-16.03.35:084][  0]LogD3D11RHI: Intel Extensions support version Full=16777217, Major=1, Minor=0, Revision=1
[2024.05.26-16.03.35:085][  0]LogD3D11RHI: Intel Extensions Framework enabled
[2024.05.26-16.03.35:086][  0]LogD3D11RHI: [IntelMetricsDiscovery] Started
[2024.05.26-16.03.35:086][  0]LogD3D11RHI: Async texture creation enabled
[2024.05.26-16.03.35:086][  0]LogD3D11RHI: Array index from any shader is supported
[2024.05.26-16.03.35:096][  0]LogD3D11RHI: GPU Timing Frequency: 19.200000 (Debug: 2 0)
[2024.05.26-16.03.35:370][  0]LogTargetPlatformManager: Display: Loaded TargetPlatform 'WindowsNoEditor'
[2024.05.26-16.03.35:374][  0]LogTargetPlatformManager: Display: Loaded TargetPlatform 'Windows'
[2024.05.26-16.03.35:378][  0]LogTargetPlatformManager: Display: Loaded TargetPlatform 'WindowsClient'
[2024.05.26-16.03.35:382][  0]LogTargetPlatformManager: Display: Loaded TargetPlatform 'WindowsServer'
[2024.05.26-16.03.35:382][  0]LogTargetPlatformManager: Display: Building Assets For Windows
[2024.05.26-16.03.35:389][  0]LogAudioDebug: Display: Lib vorbis DLL was dynamically loaded.
[2024.05.26-16.03.35:414][  0]LogTextureFormatOodle: Display: Oodle Texture 2.9.0 init RDO Off
[2024.05.26-16.03.35:440][  0]LogRendererCore: Ray tracing is disabled. Reason: r.RayTracing=0.
[2024.05.26-16.03.35:440][  0]LogShaderCompilers: Guid format shader working directory is -1 characters bigger than the processId version (C:/Users/KIM/Documents/Unreal Projects/내프로젝트T/Intermediate/Shaders/WorkingDirectory/4436/).
[2024.05.26-16.03.35:440][  0]LogShaderCompilers: Cleaned the shader compiler working directory 'C:/Users/KIM/AppData/Local/Temp/UnrealShaderWorkingDir/D178DDC2444F2EBB849A6F935E2D4E22/'.
[2024.05.26-16.03.35:441][  0]LogXGEController: Cannot use XGE Controller as Incredibuild is not installed on this machine.
[2024.05.26-16.03.35:441][  0]LogShaderCompilers: Cannot use XGE Shader Compiler as Incredibuild is not installed on this machine.
[2024.05.26-16.03.35:441][  0]LogShaderCompilers: Display: Using Local Shader Compiler.
[2024.05.26-16.03.36:068][  0]LogDerivedDataCache: Display: Max Cache Size: 512 MB
[2024.05.26-16.03.36:118][  0]LogDerivedDataCache: Loaded boot cache 0.05s 94MB C:/Users/KIM/AppData/Local/UnrealEngine/4.27/DerivedDataCache/Boot.ddc.
[2024.05.26-16.03.36:118][  0]LogDerivedDataCache: Display: Loaded Boot cache: C:/Users/KIM/AppData/Local/UnrealEngine/4.27/DerivedDataCache/Boot.ddc
[2024.05.26-16.03.36:118][  0]LogDerivedDataCache: FDerivedDataBackendGraph:  Pak pak cache file C:/Users/KIM/Documents/Unreal Projects/내프로젝트T/DerivedDataCache/DDC.ddp not found, will not use a pak cache.
[2024.05.26-16.03.36:119][  0]LogDerivedDataCache: Unable to find inner node Pak for hierarchical cache Hierarchy.
[2024.05.26-16.03.36:119][  0]LogDerivedDataCache: FDerivedDataBackendGraph:  CompressedPak pak cache file C:/Users/KIM/Documents/Unreal Projects/내프로젝트T/DerivedDataCache/Compressed.ddp not found, will not use a pak cache.
[2024.05.26-16.03.36:119][  0]LogDerivedDataCache: Unable to find inner node CompressedPak for hierarchical cache Hierarchy.
[2024.05.26-16.03.36:133][  0]LogDerivedDataCache: Display: Pak cache opened for reading ../../../Engine/DerivedDataCache/Compressed.ddp.
[2024.05.26-16.03.36:133][  0]LogDerivedDataCache: FDerivedDataBackendGraph:  EnterprisePak pak cache file ../../../Enterprise/DerivedDataCache/Compressed.ddp not found, will not use a pak cache.
[2024.05.26-16.03.36:133][  0]LogDerivedDataCache: Unable to find inner node EnterprisePak for hierarchical cache Hierarchy.
[2024.05.26-16.03.36:139][  0]LogDerivedDataCache: Speed tests for C:/Users/KIM/AppData/Local/UnrealEngine/Common/DerivedDataCache took 0.01 seconds
[2024.05.26-16.03.36:139][  0]LogDerivedDataCache: Display: Performance to C:/Users/KIM/AppData/Local/UnrealEngine/Common/DerivedDataCache: Latency=0.02ms. RandomReadSpeed=1813.67MBs, RandomWriteSpeed=182.75MBs. Assigned SpeedClass 'Local'
[2024.05.26-16.03.36:140][  0]LogDerivedDataCache: Using Local data cache path C:/Users/KIM/AppData/Local/UnrealEngine/Common/DerivedDataCache: Writable
[2024.05.26-16.03.36:140][  0]LogDerivedDataCache: Shared data cache path not found in *engine.ini, will not use an Shared cache.
[2024.05.26-16.03.36:140][  0]LogDerivedDataCache: Unable to find inner node Shared for hierarchical cache Hierarchy.
[2024.05.26-16.03.36:170][  0]LogSlate: Using FreeType 2.10.0
[2024.05.26-16.03.36:171][  0]LogSlate: SlateFontServices - WITH_FREETYPE: 1, WITH_HARFBUZZ: 1
[2024.05.26-16.03.36:239][  0]LogInit: Using OS detected language (ko-KR).
[2024.05.26-16.03.36:239][  0]LogInit: Using OS detected locale (ko-KR).
[2024.05.26-16.03.36:239][  0]LogTextLocalizationManager: No localization for 'ko-KR' exists, so 'en' will be used for the language.
[2024.05.26-16.03.36:239][  0]LogTextLocalizationManager: No localization for 'ko-KR' exists, so 'en' will be used for the locale.
[2024.05.26-16.03.36:239][  0]LogSlate: FontCache flush requested. Reason: Culture for localization was changed
[2024.05.26-16.03.36:239][  0]LogSlate: FontCache flush requested. Reason: Culture for localization was changed
[2024.05.26-16.03.36:242][  0]LogAssetRegistry: FAssetRegistry took 0.0015 seconds to start up
[2024.05.26-16.03.36:378][  0]LogTextLocalizationManager: Compacting localization data took   0.01ms
[2024.05.26-16.03.36:378][  0]LogPackageLocalizationCache: Processed 27 localized package path(s) for 1 prioritized culture(s) in 0.000934 seconds
[2024.05.26-16.03.36:432][  0]LogInit: Selected Device Profile: [Windows]
[2024.05.26-16.03.36:432][  0]LogInit: Active device profile: [000002BAB541CB00][000002BAAE94AE40 49] Windows
[2024.05.26-16.03.36:432][  0]LogInit: Profiles: [000002BAB541CB00][000002BAAE94AE40 49] Windows, [000002BAB53EDE00][000002BAAD11AFC0 49] WindowsNoEditor, [000002BAB541D900][000002BAAD11F140 49] WindowsServer, [000002BAB53EEB00][000002BAAD1232C0 49] WindowsClient, [000002BAB541FC00][000002BAAD117400 49] IOS, [000002BAB53EFF00][000002BAAD127540 49] iPadAir, [000002BAB541FE00][000002BAAD12B680 49] iPadAir2, [000002BAB538CC00][000002BAACC61940 49] IPadPro, [000002BAB538CD00][000002BAACC5D980 49] iPadAir3, [000002BAB53EF800][000002BAACC65B00 49] iPadAir4, [000002BAB538F600][000002BAACC68100 49] iPadMini2, [000002BAB53EEF00][000002BAACC6C280 49] iPadMini3, [000002BAB538F800][000002BAACC70400 49] iPadMini4, [000002BAB53EF500][000002BAACC74580 49] iPadMini5, [000002BAB53C8600][000002BAACC7C840 49] iPhone6, [000002BAB53C8700][000002BAACC78880 49] iPodTouch6, [000002BAB541E900][000002BAACC84B40 49] iPhone7, [000002BAB541E800][000002BAACC80B80 49] iPodTouch7, [000002BAB53C8100][000002BAACC88D00 49] iPhone5S, [000002BAB538C700][000002BAACC8CE80 49] iPhone6Plus, [000002BAB53CA500][000002BAACC91000 49] iPhone6S, [000002BAB538D300][000002BAACC95180 49] iPhone6SPlus, [000002BAB53CBB00][000002BAACC99300 49] iPhone7Plus, [000002BAB538F500][000002BAACC9D480 49] iPhoneSE, [000002BAB541E600][000002BAACC595C0 49] iPhone8, [000002BAB538C600][000002BAACCA1700 49] iPhone8Plus, [000002BAB541E200][000002BAB4C65840 49] iPhoneX, [000002BAB538F300][000002BAB4C6D9C0 49] iPhoneXS, [000002BAB541F400][000002BAB4C71B40 49] iPhoneXSMax, [000002BAB538ED00][000002BAB4C74140 49] iPhoneXR, [000002BAB541C200][000002BAB4C782C0 49] iPhone11, [000002BAB538DE00][000002BAB4C7C440 49] iPhone11Pro, [000002BAB541EA00][000002BAB4C805C0 49] iPhone11ProMax, [000002BAB538F700][000002BAB4C84740 49] iPhoneSE2, [000002BAB541CD00][000002BAB4C888C0 49] iPhone12Mini, [000002BAB538DF00][000002BAB4C8CA40 49] iPhone12, [000002BAB541C700][000002BAB4C90BC0 49] iPhone12Pro, [000002BAB538D400][000002BAB4C94D40 49] iPhone12ProMax, [000002BAB541CC00][000002BAB4C98EC0 49] iPadPro105, [000002BAB538D700][000002BAB4C9D040 49] iPadPro129, [000002BAB541C100][000002BAB4CA11C0 49] iPadPro97, [000002BAB538FC00][000002BAB4CA5340 49] iPadPro2_129, [000002BAB541C800][000002BAB4CA94C0 49] iPad5, [000002BAB538F100][000002BAB4CAD640 49] iPad6, [000002BAB541C500][000002BAB4C69780 49] iPad7, [000002BAB538E800][000002BAB4CB18C0 49] iPad8, [000002BAB541C600][000002BAB4CB5A00 49] iPadPro11, [000002BAB538C100][000002BAB4CB9B40 49] iPadPro2_11, [000002BAB541DC00][000002BAB4CC0140 49] iPadPro3_129, [000002BAB538FE00][000002BAB4CC42C0 49] iPadPro4_129, [000002BAB541E500][000002BAB4CC8440 49] AppleTV, [000002BAB538E300][000002BAB4CCC5C0 49] AppleTV4K, [000002BAB541C400][000002BAB4CD0740 49] TVOS, [000002BAB538DC00][000002BAB4CD48C0 49] Mac, [000002BAB541FD00][000002BAB4CD8A40 49] MacClient, [000002BAB538E500][000002BAB4CDCBC0 49] MacNoEditor, [000002BAB541F100][000002BAB4CE0D40 49] MacServer, [000002BAB538F900][000002BAB4CE4EC0 49] Linux, [000002BAB541DD00][000002BAB4CE9040 49] LinuxAArch64, [000002BAB538E100][000002BAB4CED1C0 49] LinuxNoEditor, [000002BAB541DB00][000002BAB4CF1340 49] LinuxAArch64NoEditor, [000002BAB538FB00][000002BAB4CF54C0 49] LinuxClient, [000002BAB541EE00][000002BAB4CF9640 49] LinuxAArch64Client, [000002BAB538E200][000002BAB4CFD7C0 49] LinuxServer, [000002BAB541EF00][000002BAB4CBD900 49] LinuxAArch64Server, [000002BAB538D000][000002BAB4D01A40 49] Android, [000002BAB541DE00][000002BAB4D05B80 49] Android_Low, [000002BAB538C500][000002BAB4D08140 49] Android_Mid, [000002BAB541E400][000002BAB4D102C0 49] Android_High, [000002BAB538FF00][000002BAB4D14440 49] Android_Default, [000002BAB541E000][000002BAB4D185C0 49] Android_Adreno4xx, [000002BAB53EE100][000002BAB4D1C740 49] Android_Adreno5xx_Low, [000002BAB53CB500][000002BAB4D208C0 49] Android_Adreno5xx, [000002BAB53EFA00][000002BAB4D24A40 49] Android_Adreno6xx, [000002BAB53CAB00][000002BAB4D28BC0 49] Android_Adreno6xx_Vulkan, [000002BAB53EFB00][000002BAB4D2CD40 49] Android_Mali_T6xx, [000002BAB53C8F00][000002BAB4D30EC0 49] Android_Mali_T7xx, [000002BAB53ED000][000002BAB4D35040 49] Android_Mali_T8xx, [000002BAB53C9F00][000002BAB4D391C0 49] Android_Mali_G71, [000002BAB53ED900][000002BAB4D3D340 49] Android_Mali_G72, [000002BAB53CA400][000002BAB4D414C0 49] Android_Mali_G72_Vulkan, [000002BAB53EF300][000002BAB4D45640 49] Android_Mali_G76, [000002BAB53CA100][000002BAB4D497C0 49] Android_Mali_G76_Vulkan, [000002BAB53ED800][000002BAB4D4D940 49] Android_Mali_G77, [000002BAB53C8A00][000002BAB4D51AC0 49] Android_Mali_G77_Vulkan, [000002BAB53EF100][000002BAB4D0DC00 49] Android_Mali_G78, [000002BAB53C9300][000002BAB4D541C0 49] Android_Mali_G78_Vulkan, [000002BAB53EE600][000002BAB4D58300 49] Android_Mali_G710, [000002BAB53CBD00][000002BAB4D60480 49] Android_Mali_G710_Vulkan, [000002BAB53EDB00][000002BAB4D64600 49] Android_Vulkan_SM5, [000002BAB53C8900][000002BAB4D68780 49] Android_PowerVR_G6xxx, [000002BAB53EDC00][000002BAB4D6C900 49] Android_PowerVR_GT7xxx, [000002BAB53CA700][000002BAAE814A80 49] Android_PowerVR_GE8xxx, [000002BAB53EE000][000002BAAE818C00 49] Android_PowerVR_GM9xxx, [000002BAB53CB200][000002BAAE81CD80 49] Android_PowerVR_GM9xxx_Vulkan, [000002BAB53EED00][000002BAAE820F00 49] Android_TegraK1, [000002BAB53C9700][000002BAAE825080 49] Android_Unknown_Vulkan, [000002BAB53EF400][000002BAAE829200 49] Lumin, [000002BAB53C8200][000002BAAE82D380 49] Lumin_Desktop, [000002BAB53EDF00][000002BAAE831500 49] HoloLens, 
[2024.05.26-16.03.36:472][  0]LogMeshReduction: Using QuadricMeshReduction for automatic static mesh reduction
[2024.05.26-16.03.36:472][  0]LogMeshReduction: Using SimplygonMeshReduction for automatic skeletal mesh reduction
[2024.05.26-16.03.36:472][  0]LogMeshReduction: Using ProxyLODMeshReduction for automatic mesh merging
[2024.05.26-16.03.36:472][  0]LogMeshReduction: No distributed automatic mesh merging module available
[2024.05.26-16.03.36:472][  0]LogMeshMerging: No distributed automatic mesh merging module available
[2024.05.26-16.03.36:563][  0]LogNetVersion: 내프로젝트3 1.0.0, NetCL: 17155196, EngineNetVer: 17, GameNetVer: 0 (Checksum: 156140950)
[2024.05.26-16.03.36:739][  0]LogTexture: Default maximum texture size for cubemaps generated from long-lat sources has been changed from 512 to unlimited. In order to preserve old behaiour for '/Engine/MapTemplates/Sky/DaylightAmbientCubemap.DaylightAmbientCubemap', its maximum texture size has been explicitly set to 512.
[2024.05.26-16.03.36:784][  0]LogHMD: PokeAHoleMaterial loaded successfully
[2024.05.26-16.03.36:882][  0]LogMoviePlayer: Initializing movie player
[2024.05.26-16.03.36:987][  0]LogNiagaraDebuggerClient: Niagara Debugger Client Initialized | Session: 1B9BF88D4E58E8B0C1892C80D84A4158 | Instance: 58C11FDC4F5CF1C962E302999D25507D (DESKTOP-O6SBORI-4436).
[2024.05.26-16.03.37:003][  0]LogCollectionManager: Loaded 0 collections in 0.000563 seconds
[2024.05.26-16.03.37:005][  0]LogFileCache: Scanning file cache for directory 'C:/Users/KIM/Documents/Unreal Projects/내프로젝트T/Saved/Collections/' took 0.00s
[2024.05.26-16.03.37:005][  0]LogFileCache: Scanning file cache for directory 'C:/Users/KIM/Documents/Unreal Projects/내프로젝트T/Content/Developers/KIM/Collections/' took 0.00s
[2024.05.26-16.03.37:005][  0]LogFileCache: Scanning file cache for directory 'C:/Users/KIM/Documents/Unreal Projects/내프로젝트T/Content/Collections/' took 0.00s
[2024.05.26-16.03.37:005][  0]LogCollectionManager: Fixed up redirectors for 0 collections in 0.000002 seconds (updated 0 objects)
[2024.05.26-16.03.37:093][  0]LogTcpMessaging: Initializing TcpMessaging bridge
[2024.05.26-16.03.37:099][  0]LogUdpMessaging: Initializing bridge on interface 0.0.0.0:0 to multicast group 230.0.0.1:6666.
[2024.05.26-16.03.37:138][  0]LogPython: Using Python 3.7.7
[2024.05.26-16.03.37:530][  0]SourceControl: Source control is disabled
[2024.05.26-16.03.37:530][  0]SourceControl: Source control is disabled
[2024.05.26-16.03.37:532][  0]SourceControl: Source control is disabled
[2024.05.26-16.03.37:537][  0]LogUProjectInfo: Found projects:
[2024.05.26-16.03.37:570][  0]LogAndroidPermission: UAndroidPermissionCallbackProxy::GetInstance
[2024.05.26-16.03.37:600][  0]LogAudioCaptureCore: Display: No Audio Capture implementations found. Audio input will be silent.
[2024.05.26-16.03.37:600][  0]LogAudioCaptureCore: Display: No Audio Capture implementations found. Audio input will be silent.
[2024.05.26-16.03.37:700][  0]LogOpenImageDenoise: OIDN starting up
[2024.05.26-16.03.37:713][  0]LogOcInput: OculusInput pre-init called
[2024.05.26-16.03.37:720][  0]LogUObjectArray: 22121 objects as part of root set at end of initial load.
[2024.05.26-16.03.37:720][  0]LogUObjectAllocator: 5975632 out of 0 bytes used by permanent object pool.
[2024.05.26-16.03.37:720][  0]LogUObjectArray: CloseDisregardForGC: 0/0 objects in disregard for GC pool
[2024.05.26-16.03.37:765][  0]LogEngine: Initializing Engine...
[2024.05.26-16.03.37:768][  0]LogHMD: Failed to enumerate extensions. Please check that you have a valid OpenXR runtime installed.
[2024.05.26-16.03.37:768][  0]LogHMD: Failed to initialize OpenVR with code 110
[2024.05.26-16.03.37:768][  0]LogMagicLeap: Warning: VR disabled because ZI is not enabled.  To enable, in the editor, Edit -> Project Settings -> Plugins -> Magic Leap Plugin -> Enable Zero Iteration
[2024.05.26-16.03.37:769][  0]LogStats: UGameplayTagsManager::InitializeManager -  0.000 s
[2024.05.26-16.03.37:843][  0]LogInit: Initializing FReadOnlyCVARCache
[2024.05.26-16.03.37:843][  0]LogAudio: Display: Initializing Audio Device Manager...
[2024.05.26-16.03.37:846][  0]LogAudio: Display: Loading Default Audio Settings Objects...
[2024.05.26-16.03.37:846][  0]LogAudio: Display: No default SoundConcurrencyObject specified (or failed to load).
[2024.05.26-16.03.37:846][  0]LogAudio: Display: Audio Device Manager Initialized
[2024.05.26-16.03.37:847][  0]LogAudio: Display: Creating Audio Device:                 Id: 1, Scope: Shared, Realtime: True
[2024.05.26-16.03.37:847][  0]LogAudioMixer: Display: Audio Mixer Platform Settings:
[2024.05.26-16.03.37:847][  0]LogAudioMixer: Display: 	Sample Rate:						  48000
[2024.05.26-16.03.37:847][  0]LogAudioMixer: Display: 	Callback Buffer Frame Size Requested: 1024
[2024.05.26-16.03.37:847][  0]LogAudioMixer: Display: 	Callback Buffer Frame Size To Use:	  1024
[2024.05.26-16.03.37:847][  0]LogAudioMixer: Display: 	Number of buffers to queue:			  2
[2024.05.26-16.03.37:847][  0]LogAudioMixer: Display: 	Max Channels (voices):				  32
[2024.05.26-16.03.37:847][  0]LogAudioMixer: Display: 	Number of Async Source Workers:		  0
[2024.05.26-16.03.37:847][  0]LogAudio: Display: AudioDevice MaxSources: 32
[2024.05.26-16.03.37:847][  0]LogAudio: Display: Audio Spatialization Plugin: None (built-in).
[2024.05.26-16.03.37:847][  0]LogAudio: Display: Audio Reverb Plugin: None (built-in).
[2024.05.26-16.03.37:847][  0]LogAudio: Display: Audio Occlusion Plugin: None (built-in).
[2024.05.26-16.03.37:847][  0]LogAudioMixer: Display: Initializing audio mixer.
[2024.05.26-16.03.37:853][  0]LogAudioMixer: Display: 0: FrontLeft
[2024.05.26-16.03.37:853][  0]LogAudioMixer: Display: 1: FrontRight
[2024.05.26-16.03.37:883][  0]LogAudioMixer: Display: Using Audio Device 스피커(Realtek(R) Audio)
[2024.05.26-16.03.37:887][  0]LogAudioMixer: Display: Initializing Sound Submixes...
[2024.05.26-16.03.37:889][  0]LogAudioMixer: Display: Creating Master Submix 'MasterSubmixDefault'
[2024.05.26-16.03.37:889][  0]LogAudioMixer: Display: Creating Master Submix 'MasterReverbSubmixDefault'
[2024.05.26-16.03.37:891][  0]LogAudioMixer: Display: Creating Master Submix 'MasterEQSubmixDefault'
[2024.05.26-16.03.37:891][  0]LogAudioMixer: FMixerPlatformXAudio2::StartAudioStream() called
[2024.05.26-16.03.37:891][  0]LogAudioMixer: Display: Output buffers initialized: Frames=1024, Channels=2, Samples=2048
[2024.05.26-16.03.37:892][  0]LogAudioMixer: Display: Starting AudioMixerPlatformInterface::RunInternal()
[2024.05.26-16.03.37:892][  0]LogAudioMixer: Display: FMixerPlatformXAudio2::SubmitBuffer() called for the first time
[2024.05.26-16.03.37:892][  0]LogInit: FAudioDevice initialized.
[2024.05.26-16.03.37:894][  0]LogNetVersion: Set ProjectVersion to 1.0.0.0. Version Checksum will be recalculated on next use.
[2024.05.26-16.03.37:894][  0]LogInit: Texture streaming: Enabled
[2024.05.26-16.03.37:964][  0]LogAudio: Display: Audio Device (ID: 1) registered with world 'Untitled'.
[2024.05.26-16.03.37:964][  0]LogSlate: Updating window title bar state: overlay mode, drag disabled, window buttons hidden, title bar hidden
[2024.05.26-16.03.37:965][  0]LogInit: Display: Game Engine Initialized.
[2024.05.26-16.03.37:965][  0]LogNiagaraEditor: GEditor isn't valid! Particle reset commands will not work for Niagara components!
[2024.05.26-16.03.38:061][  0]LogInit: Display: Starting Game.
[2024.05.26-16.03.38:061][  0]LogNet: Browse: /Game/Untitled?Name=Player
[2024.05.26-16.03.38:061][  0]LogLoad: LoadMap: /Game/Untitled?Name=Player
[2024.05.26-16.03.38:061][  0]LogWorld: BeginTearingDown for /Temp/Untitled_0
[2024.05.26-16.03.38:062][  0]LogWorld: UWorld::CleanupWorld for Untitled, bSessionEnded=true, bCleanupResources=true
[2024.05.26-16.03.38:062][  0]LogSlate: InvalidateAllWidgets triggered.  All widgets were invalidated
[2024.05.26-16.03.38:067][  0]LogAudio: Display: Audio Device unregistered from world 'None'.
[2024.05.26-16.03.38:069][  0]LogUObjectHash: Compacting FUObjectHashTables data took   0.50ms
[2024.05.26-16.03.38:367][  0]LogAudio: Display: Audio Device (ID: 1) registered with world 'Untitled'.
[2024.05.26-16.03.38:374][  0]LogAIModule: Creating AISystem for world Untitled
[2024.05.26-16.03.38:374][  0]LogLoad: Game class is 'FirstPersonGameMode_C'
[2024.05.26-16.03.38:380][  0]LogWorld: Bringing World /Game/Untitled.Untitled up for play (max tick rate 0) at 2024.05.27-01.03.38
[2024.05.26-16.03.38:380][  0]LogWorld: Bringing up level for play took: 0.005009
[2024.05.26-16.03.38:383][  0]LogBlueprintUserMessages: [Untitled_C_3] 게임: 바닥을 주의해서 기둥의 빛을 밝히자
[2024.05.26-16.03.38:383][  0]LogLoad: Took 0.323224 seconds to LoadMap(/Game/Untitled)
[2024.05.26-16.03.38:499][  0]LogSlate: Took 0.000249 seconds to synchronously load lazily loaded font '../../../Engine/Content/Slate/Fonts/Roboto-Regular.ttf' (155K)
[2024.05.26-16.03.38:514][  0]LogRenderer: Reallocating scene render targets to support 2896x1696 Format 10 NumSamples 1 (Frame:1).
[2024.05.26-16.03.38:514][  0]LogSlate: Took 0.013387 seconds to synchronously load lazily loaded font '../../../Engine/Content/Slate/Fonts/DroidSansFallback.ttf' (3848K)
[2024.05.26-16.03.38:551][  0]LogInit: Display: Engine is initialized. Leaving FEngineLoop::Init()
[2024.05.26-16.03.38:551][  0]LogLoad: (Engine Initialization) Total time: 4.89 seconds
[2024.05.26-16.03.38:551][  0]LogLoad: (Engine Initialization) Total Blueprint compile time: 0.00 seconds
[2024.05.26-16.03.38:842][  0]LogContentStreaming: Texture pool size now 1000 MB
[2024.05.26-16.03.38:845][  0]LogSlate: InvalidateAllWidgets triggered.  All widgets were invalidated
[2024.05.26-16.03.38:988][  1]LogSlate: Took 0.000209 seconds to synchronously load lazily loaded font '../../../Engine/Content/Slate/Fonts/Roboto-Regular.ttf' (155K)
[2024.05.26-16.03.38:989][  1]LogSlate: Took 0.001002 seconds to synchronously load lazily loaded font '../../../Engine/Content/Slate/Fonts/DroidSansFallback.ttf' (3848K)
[2024.05.26-16.03.52:383][500]LogWindowsDesktop: Alt-F4 pressed!
[2024.05.26-16.03.52:431][500]LogSlate: Window '내프로젝트3 (64-bit Development PCD3D_SM5) ' being destroyed
[2024.05.26-16.03.52:446][500]LogWindowsTextInputMethodSystem: Display: IME system activated using TSF (Microsoft 입력기).
[2024.05.26-16.03.52:448][500]LogSlate: Updating window title bar state: overlay mode, drag disabled, window buttons hidden, title bar hidden
[2024.05.26-16.03.52:448][500]LogEngine: All Windows Closed
[2024.05.26-16.03.52:448][500]LogWindows: FPlatformMisc::RequestExit(0)
[2024.05.26-16.03.52:448][500]LogWindows: FPlatformMisc::RequestExitWithStatus(0, 0)
[2024.05.26-16.03.52:448][500]LogCore: Engine exit requested (reason: Win RequestExit)
[2024.05.26-16.03.52:449][501]LogCore: Engine exit requested (reason: EngineExit() was called; note: exit was already requested)
[2024.05.26-16.03.52:449][501]LogInit: Display: PreExit Game.
[2024.05.26-16.03.52:469][501]LogWorld: BeginTearingDown for /Game/Untitled
[2024.05.26-16.03.52:470][501]LogWorld: UWorld::CleanupWorld for Untitled, bSessionEnded=true, bCleanupResources=true
[2024.05.26-16.03.52:475][501]LogSlate: InvalidateAllWidgets triggered.  All widgets were invalidated
[2024.05.26-16.03.52:775][501]LogAudio: Display: Beginning Audio Device Manager Shutdown (Module: AudioMixerXAudio2)...
[2024.05.26-16.03.52:776][501]LogAudio: Display: Destroying 1 Remaining Audio Device(s)...
[2024.05.26-16.03.52:776][501]LogAudio: Display: Audio Device unregistered from world 'Untitled'.
[2024.05.26-16.03.52:807][501]LogAudioMixer: FMixerPlatformXAudio2::StopAudioStream() called
[2024.05.26-16.03.52:808][501]LogAudioMixer: FMixerPlatformXAudio2::StopAudioStream() called
[2024.05.26-16.03.52:812][501]LogAudio: Display: Audio Device Manager Shutdown
[2024.05.26-16.03.52:815][501]LogExit: Preparing to exit.
[2024.05.26-16.03.52:819][501]LogSlate: Updating window title bar state: overlay mode, drag disabled, window buttons hidden, title bar hidden
[2024.05.26-16.03.52:822][501]LogUObjectHash: Compacting FUObjectHashTables data took   1.03ms
[2024.05.26-16.03.53:110][501]LogMoviePlayer: Shutting down movie player
[2024.05.26-16.03.53:238][501]LogDemo: Cleaned up 0 splitscreen connections with owner deletion
[2024.05.26-16.03.53:249][501]LogExit: Game engine shut down
[2024.05.26-16.03.53:289][501]LogExit: Object subsystem successfully closed.
[2024.05.26-16.03.53:311][501]LogShaderCompilers: Display: === FShaderJobCache stats ===
[2024.05.26-16.03.53:311][501]LogShaderCompilers: Display: Total job queries 0, among them cache hits 0 (0.00%)
[2024.05.26-16.03.53:311][501]LogShaderCompilers: Display: Tracking 0 distinct input hashes that result in 0 distinct outputs (0.00%)
[2024.05.26-16.03.53:311][501]LogShaderCompilers: Display: RAM used: 0.00 MB (0.00 GB) of 819.20 MB (0.80 GB) budget. Usage: 0.00%
[2024.05.26-16.03.53:311][501]LogShaderCompilers: Display: ================================================
[2024.05.26-16.03.53:326][501]LogShaderCompilers: Display: Shaders left to compile 0
[2024.05.26-16.03.53:336][501]LogModuleManager: Shutting down and abandoning module SequenceRecorderSections (560)
[2024.05.26-16.03.53:336][501]LogModuleManager: Shutting down and abandoning module SequenceRecorder (558)
[2024.05.26-16.03.53:336][501]LogModuleManager: Shutting down and abandoning module AutomationController (556)
[2024.05.26-16.03.53:336][501]LogModuleManager: Shutting down and abandoning module AutomationWorker (554)
[2024.05.26-16.03.53:336][501]LogModuleManager: Shutting down and abandoning module Voice (552)
[2024.05.26-16.03.53:336][501]LogModuleManager: Shutting down and abandoning module AIModule (550)
[2024.05.26-16.03.53:336][501]LogModuleManager: Shutting down and abandoning module GameplayDebugger (549)
[2024.05.26-16.03.53:336][501]LogModuleManager: Shutting down and abandoning module AITestSuite (547)
[2024.05.26-16.03.53:336][501]LogModuleManager: Shutting down and abandoning module NavigationSystem (545)
[2024.05.26-16.03.53:336][501]LogModuleManager: Shutting down and abandoning module AnimGraph (542)
[2024.05.26-16.03.53:336][501]LogModuleManager: Shutting down and abandoning module SteamVREditor (540)
[2024.05.26-16.03.53:336][501]LogModuleManager: Shutting down and abandoning module ToolMenus (539)
[2024.05.26-16.03.53:336][501]LogModuleManager: Shutting down and abandoning module OculusMR (536)
[2024.05.26-16.03.53:337][501]LogModuleManager: Shutting down and abandoning module PlanarCut (534)
[2024.05.26-16.03.53:337][501]LogModuleManager: Shutting down and abandoning module CharacterAI (532)
[2024.05.26-16.03.53:337][501]LogModuleManager: Shutting down and abandoning module TakeRecorderSources (530)
[2024.05.26-16.03.53:337][501]LogModuleManager: Shutting down and abandoning module TakeRecorder (529)
[2024.05.26-16.03.53:337][501]LogModuleManager: Shutting down and abandoning module TakeTrackRecorders (526)
[2024.05.26-16.03.53:337][501]LogModuleManager: Shutting down and abandoning module TakesCore (524)
[2024.05.26-16.03.53:337][501]LogModuleManager: Shutting down and abandoning module OpenXRInput (522)
[2024.05.26-16.03.53:337][501]LogModuleManager: Shutting down and abandoning module OpenExrWrapper (520)
[2024.05.26-16.03.53:337][501]LogModuleManager: Shutting down and abandoning module ImgMediaFactory (518)
[2024.05.26-16.03.53:337][501]LogModuleManager: Shutting down and abandoning module WebMMediaFactory (516)
[2024.05.26-16.03.53:337][501]LogModuleManager: Shutting down and abandoning module WebMMedia (514)
[2024.05.26-16.03.53:337][501]LogModuleManager: Shutting down and abandoning module WmfMediaFactory (512)
[2024.05.26-16.03.53:337][501]LogModuleManager: Shutting down and abandoning module AvfMediaFactory (510)
[2024.05.26-16.03.53:337][501]LogModuleManager: Shutting down and abandoning module MagicLeapMediaCodecFactory (508)
[2024.05.26-16.03.53:337][501]LogModuleManager: Shutting down and abandoning module MagicLeapMediaFactory (506)
[2024.05.26-16.03.53:337][501]LogModuleManager: Shutting down and abandoning module SessionServices (504)
[2024.05.26-16.03.53:337][501]LogModuleManager: Shutting down and abandoning module MovieSceneCapture (502)
[2024.05.26-16.03.53:337][501]LogModuleManager: Shutting down and abandoning module LiveCoding (500)
[2024.05.26-16.03.53:337][501]LogModuleManager: Shutting down and abandoning module LevelSequence (498)
[2024.05.26-16.03.53:337][501]LogModuleManager: Shutting down and abandoning module MovieSceneTracks (496)
[2024.05.26-16.03.53:337][501]LogModuleManager: Shutting down and abandoning module MovieScene (494)
[2024.05.26-16.03.53:337][501]LogModuleManager: Shutting down and abandoning module StreamingPauseRendering (492)
[2024.05.26-16.03.53:337][501]LogModuleManager: Shutting down and abandoning module PortalServices (490)
[2024.05.26-16.03.53:337][501]LogModuleManager: Shutting down and abandoning module PortalRpc (488)
[2024.05.26-16.03.53:337][501]LogModuleManager: Shutting down and abandoning module MessagingRpc (486)
[2024.05.26-16.03.53:337][501]LogModuleManager: Shutting down and abandoning module AudioMixerXAudio2 (484)
[2024.05.26-16.03.53:337][501]LogModuleManager: Shutting down and abandoning module AudioMixerCore (483)
[2024.05.26-16.03.53:337][501]LogModuleManager: Shutting down and abandoning module ImageWriteQueue (480)
[2024.05.26-16.03.53:345][501]LogModuleManager: Shutting down and abandoning module ProfilerService (478)
[2024.05.26-16.03.53:503][501]LogModuleManager: Shutting down and abandoning module TaskGraph (476)
[2024.05.26-16.03.53:503][501]LogModuleManager: Shutting down and abandoning module OculusInput (474)
[2024.05.26-16.03.53:503][501]LogModuleManager: Shutting down and abandoning module OpenImageDenoise (472)
[2024.05.26-16.03.53:503][501]LogOpenImageDenoise: OIDN shutting down
[2024.05.26-16.03.53:503][501]LogModuleManager: Shutting down and abandoning module MotoSynth (470)
[2024.05.26-16.03.53:503][501]LogModuleManager: Shutting down and abandoning module MeshConversion (468)
[2024.05.26-16.03.53:503][501]LogModuleManager: Shutting down and abandoning module DynamicMesh (466)
[2024.05.26-16.03.53:503][501]LogModuleManager: Shutting down and abandoning module GeometryAlgorithms (464)
[2024.05.26-16.03.53:503][501]LogModuleManager: Shutting down and abandoning module GeometricObjects (462)
[2024.05.26-16.03.53:503][501]LogModuleManager: Shutting down and abandoning module GeometryCollectionTracks (460)
[2024.05.26-16.03.53:503][501]LogModuleManager: Shutting down and abandoning module GeometryCollectionSequencer (459)
[2024.05.26-16.03.53:503][501]LogModuleManager: Shutting down and abandoning module GeometryCacheTracks (456)
[2024.05.26-16.03.53:503][501]LogModuleManager: Shutting down and abandoning module GeometryCacheSequencer (455)
[2024.05.26-16.03.53:503][501]LogModuleManager: Shutting down and abandoning module GeometryCache (452)
[2024.05.26-16.03.53:503][501]LogModuleManager: Shutting down and abandoning module GeometryCacheEd (451)
[2024.05.26-16.03.53:503][501]LogModuleManager: Shutting down and abandoning module ChaosNiagara (448)
[2024.05.26-16.03.53:503][501]LogModuleManager: Shutting down and abandoning module BackChannel (446)
[2024.05.26-16.03.53:503][501]LogModuleManager: Shutting down and abandoning module TakeMovieScene (444)
[2024.05.26-16.03.53:503][501]LogModuleManager: Shutting down and abandoning module Synthesis (442)
[2024.05.26-16.03.53:503][501]LogModuleManager: Shutting down and abandoning module ProceduralMeshComponent (440)
[2024.05.26-16.03.53:503][501]LogModuleManager: Shutting down and abandoning module MobilePatchingUtils (438)
[2024.05.26-16.03.53:503][501]LogModuleManager: Shutting down and abandoning module GooglePAD (436)
[2024.05.26-16.03.53:503][501]LogModuleManager: Shutting down and abandoning module EditableMesh (434)
[2024.05.26-16.03.53:503][501]LogModuleManager: Shutting down and abandoning module FieldSystemEngine (433)
[2024.05.26-16.03.53:503][501]LogModuleManager: Shutting down and abandoning module CustomMeshComponent (430)
[2024.05.26-16.03.53:503][501]LogModuleManager: Shutting down and abandoning module CableComponent (428)
[2024.05.26-16.03.53:503][501]LogModuleManager: Shutting down and abandoning module AudioCapture (426)
[2024.05.26-16.03.53:503][501]LogModuleManager: Shutting down and abandoning module AudioCaptureRtAudio (425)
[2024.05.26-16.03.53:503][501]LogModuleManager: Shutting down and abandoning module AssetTags (422)
[2024.05.26-16.03.53:503][501]LogModuleManager: Shutting down and abandoning module ArchVisCharacter (420)
[2024.05.26-16.03.53:503][501]LogModuleManager: Shutting down and abandoning module AppleImageUtilsBlueprintSupport (418)
[2024.05.26-16.03.53:503][501]LogModuleManager: Shutting down and abandoning module AppleImageUtils (416)
[2024.05.26-16.03.53:503][501]LogModuleManager: Shutting down and abandoning module ImgMedia (414)
[2024.05.26-16.03.53:503][501]LogModuleManager: Shutting down and abandoning module AndroidPermission (412)
[2024.05.26-16.03.53:503][501]LogModuleManager: Shutting down and abandoning module ActorLayerUtilities (410)
[2024.05.26-16.03.53:503][501]LogModuleManager: Shutting down and abandoning module TemplateSequence (408)
[2024.05.26-16.03.53:503][501]LogModuleManager: Shutting down and abandoning module MediaCompositing (406)
[2024.05.26-16.03.53:503][501]LogModuleManager: Shutting down and abandoning module MagicLeapSharedWorld (404)
[2024.05.26-16.03.53:503][501]LogModuleManager: Shutting down and abandoning module MagicLeapLightEstimation (402)
[2024.05.26-16.03.53:503][501]LogModuleManager: Shutting down and abandoning module MagicLeapHelperVulkan (400)
[2024.05.26-16.03.53:503][501]LogModuleManager: Shutting down and abandoning module MagicLeapHelperOpenGL (398)
[2024.05.26-16.03.53:503][501]LogModuleManager: Shutting down and abandoning module MagicLeapAudio (396)
[2024.05.26-16.03.53:503][501]LogModuleManager: Shutting down and abandoning module AutomationUtils (394)
[2024.05.26-16.03.53:503][501]LogModuleManager: Shutting down and abandoning module VisualStudioSourceCodeAccess (392)
[2024.05.26-16.03.53:503][501]LogModuleManager: Shutting down and abandoning module HotReload (391)
[2024.05.26-16.03.53:503][501]LogModuleManager: Shutting down and abandoning module VisualStudioCodeSourceCodeAccess (388)
[2024.05.26-16.03.53:503][501]LogModuleManager: Shutting down and abandoning module UObjectPlugin (386)
[2024.05.26-16.03.53:503][501]LogModuleManager: Shutting down and abandoning module SubversionSourceControl (384)
[2024.05.26-16.03.53:503][501]LogModuleManager: Shutting down and abandoning module PerforceSourceControl (382)
[2024.05.26-16.03.53:504][501]LogModuleManager: Shutting down and abandoning module SourceControl (381)
[2024.05.26-16.03.53:504][501]LogModuleManager: Shutting down and abandoning module CLionSourceCodeAccess (378)
[2024.05.26-16.03.53:504][501]LogModuleManager: Shutting down and abandoning module OodleNetworkHandlerComponent (376)
[2024.05.26-16.03.53:504][501]LogModuleManager: Shutting down and abandoning module LiveLinkSequencer (374)
[2024.05.26-16.03.53:504][501]LogModuleManager: Shutting down and abandoning module LiveLinkMovieScene (372)
[2024.05.26-16.03.53:504][501]LogModuleManager: Shutting down and abandoning module LiveLinkGraphNode (370)
[2024.05.26-16.03.53:504][501]LogModuleManager: Shutting down and abandoning module LiveLinkComponents (368)
[2024.05.26-16.03.53:504][501]LogModuleManager: Shutting down and abandoning module LiveLink (366)
[2024.05.26-16.03.54:497][501]LogModuleManager: Shutting down and abandoning module PythonScriptPlugin (364)
[2024.05.26-16.03.54:497][501]LogModuleManager: Shutting down and abandoning module SoundFields (362)
[2024.05.26-16.03.54:497][501]LogModuleManager: Shutting down and abandoning module RuntimePhysXCooking (360)
[2024.05.26-16.03.54:497][501]LogModuleManager: Shutting down and abandoning module SignificanceManager (358)
[2024.05.26-16.03.54:497][501]LogModuleManager: Shutting down and abandoning module PropertyAccessEditor (356)
[2024.05.26-16.03.54:497][501]LogModuleManager: Shutting down and abandoning module PhysXVehiclesEditor (354)
[2024.05.26-16.03.54:497][501]LogModuleManager: Shutting down and abandoning module LocationServicesBPLibrary (350)
[2024.05.26-16.03.54:497][501]LogModuleManager: Shutting down and abandoning module AudioSynesthesia (348)
[2024.05.26-16.03.54:497][501]LogModuleManager: Shutting down and abandoning module AudioSynesthesiaCore (346)
[2024.05.26-16.03.54:497][501]LogModuleManager: Shutting down and abandoning module ImgMediaEngine (344)
[2024.05.26-16.03.54:497][501]LogModuleManager: Shutting down and abandoning module UdpMessaging (342)
[2024.05.26-16.03.54:598][501]LogModuleManager: Shutting down and abandoning module ActorSequence (340)
[2024.05.26-16.03.54:598][501]LogModuleManager: Shutting down and abandoning module TcpMessaging (338)
[2024.05.26-16.03.54:699][501]LogModuleManager: Shutting down and abandoning module MagicLeapARPin (336)
[2024.05.26-16.03.54:699][501]LogModuleManager: Shutting down and abandoning module MagicLeapHandMeshing (334)
[2024.05.26-16.03.54:699][501]LogModuleManager: Shutting down and abandoning module MagicLeapSecureStorage (332)
[2024.05.26-16.03.54:699][501]LogModuleManager: Shutting down and abandoning module MagicLeapPrivileges (330)
[2024.05.26-16.03.54:699][501]LogModuleManager: Shutting down and abandoning module MagicLeapPlanes (328)
[2024.05.26-16.03.54:699][501]LogMagicLeapPlanes: Planes tracker already destroyed.
[2024.05.26-16.03.54:699][501]LogModuleManager: Shutting down and abandoning module MagicLeapImageTracker (326)
[2024.05.26-16.03.54:699][501]LogModuleManager: Shutting down and abandoning module MagicLeapIdentity (324)
[2024.05.26-16.03.54:699][501]LogModuleManager: Shutting down and abandoning module MagicLeapHandTracking (322)
[2024.05.26-16.03.54:699][501]LogModuleManager: Shutting down and abandoning module MagicLeapEyeTracker (320)
[2024.05.26-16.03.54:699][501]LogModuleManager: Shutting down and abandoning module MagicLeapController (318)
[2024.05.26-16.03.54:699][501]LogModuleManager: Shutting down and abandoning module MagicLeapARPinImpl (316)
[2024.05.26-16.03.54:699][501]LogModuleManager: Shutting down and abandoning module MagicLeapAR (314)
[2024.05.26-16.03.54:699][501]LogModuleManager: Shutting down and abandoning module NiagaraAnimNotifies (312)
[2024.05.26-16.03.54:699][501]LogModuleManager: Shutting down and abandoning module Niagara (310)
[2024.05.26-16.03.54:699][501]LogModuleManager: Shutting down and abandoning module SignalProcessing (309)
[2024.05.26-16.03.54:699][501]LogModuleManager: Shutting down and abandoning module NiagaraEditor (307)
[2024.05.26-16.03.54:699][501]LogModuleManager: Shutting down and abandoning module ContentBrowser (306)
[2024.05.26-16.03.54:699][501]LogModuleManager: Shutting down and abandoning module CollectionManager (305)
[2024.05.26-16.03.54:699][501]LogModuleManager: Shutting down and abandoning module DirectoryWatcher (304)
[2024.05.26-16.03.54:699][501]LogModuleManager: Shutting down and abandoning module ContentBrowserData (301)
[2024.05.26-16.03.54:699][501]LogModuleManager: Shutting down and abandoning module NiagaraCore (296)
[2024.05.26-16.03.54:699][501]LogModuleManager: Shutting down and abandoning module GameplayTagsEditor (294)
[2024.05.26-16.03.54:699][501]LogModuleManager: Shutting down and abandoning module FacialAnimation (292)
[2024.05.26-16.03.54:699][501]LogModuleManager: Shutting down and abandoning module AssetManagerEditor (290)
[2024.05.26-16.03.54:699][501]LogModuleManager: Shutting down and abandoning module TreeMap (289)
[2024.05.26-16.03.54:699][501]LogModuleManager: Shutting down and abandoning module PropertyAccessNode (286)
[2024.05.26-16.03.54:699][501]LogModuleManager: Shutting down and abandoning module GameplayCameras (284)
[2024.05.26-16.03.54:699][501]LogModuleManager: Shutting down and abandoning module AnimationSharing (282)
[2024.05.26-16.03.54:699][501]LogModuleManager: Shutting down and abandoning module LightPropagationVolumeRuntime (280)
[2024.05.26-16.03.54:699][501]LogModuleManager: Shutting down and abandoning module EnvironmentQueryEditor (278)
[2024.05.26-16.03.54:699][501]LogModuleManager: Shutting down and abandoning module Paper2D (276)
[2024.05.26-16.03.54:699][501]LogModuleManager: Shutting down and abandoning module WindowsMoviePlayer (274)
[2024.05.26-16.03.54:701][501]LogModuleManager: Shutting down and abandoning module WebMMoviePlayer (272)
[2024.05.26-16.03.54:701][501]LogModuleManager: Shutting down and abandoning module NetworkReplayStreaming (270)
[2024.05.26-16.03.54:701][501]LogModuleManager: Shutting down and abandoning module PacketHandler (268)
[2024.05.26-16.03.54:701][501]LogModuleManager: Shutting down and abandoning module ClothingSystemEditor (266)
[2024.05.26-16.03.54:701][501]LogModuleManager: Shutting down and abandoning module ClothingSystemRuntimeNv (264)
[2024.05.26-16.03.54:701][501]LogModuleManager: Shutting down and abandoning module MediaAssets (262)
[2024.05.26-16.03.54:701][501]LogModuleManager: Shutting down and abandoning module Overlay (260)
[2024.05.26-16.03.54:701][501]LogModuleManager: Shutting down and abandoning module OverlayEditor (259)
[2024.05.26-16.03.54:701][501]LogModuleManager: Shutting down and abandoning module VREditor (256)
[2024.05.26-16.03.54:701][501]LogModuleManager: Shutting down and abandoning module StringTableEditor (254)
[2024.05.26-16.03.54:701][501]LogModuleManager: Shutting down and abandoning module GameplayTasksEditor (252)
[2024.05.26-16.03.54:701][501]LogModuleManager: Shutting down and abandoning module BehaviorTreeEditor (250)
[2024.05.26-16.03.54:701][501]LogModuleManager: Shutting down and abandoning module FunctionalTesting (248)
[2024.05.26-16.03.54:702][501]LogModuleManager: Shutting down and abandoning module CollisionAnalyzer (246)
[2024.05.26-16.03.54:702][501]LogModuleManager: Shutting down and abandoning module WorkspaceMenuStructure (245)
[2024.05.26-16.03.54:702][501]LogModuleManager: Shutting down and abandoning module UMG (242)
[2024.05.26-16.03.54:702][501]LogModuleManager: Shutting down and abandoning module UMGEditor (241)
[2024.05.26-16.03.54:702][501]LogModuleManager: Shutting down and abandoning module Sequencer (240)
[2024.05.26-16.03.54:702][501]LogModuleManager: Shutting down and abandoning module MessageLog (237)
[2024.05.26-16.03.54:702][501]LogModuleManager: Shutting down and abandoning module SlateReflector (232)
[2024.05.26-16.03.54:702][501]LogModuleManager: Shutting down and abandoning module Slate (230)
[2024.05.26-16.03.54:702][501]LogModuleManager: Shutting down and abandoning module SlateCore (228)
[2024.05.26-16.03.54:702][501]LogModuleManager: Shutting down and abandoning module LandscapeEditorUtilities (226)
[2024.05.26-16.03.54:702][501]LogModuleManager: Shutting down and abandoning module UnrealEd (224)
[2024.05.26-16.03.54:703][501]LogModuleManager: Shutting down and abandoning module MRMesh (222)
[2024.05.26-16.03.54:703][501]LogModuleManager: Shutting down and abandoning module Messaging (220)
[2024.05.26-16.03.54:703][501]LogModuleManager: Shutting down and abandoning module SourceCodeAccess (218)
[2024.05.26-16.03.54:703][501]LogModuleManager: Shutting down and abandoning module HeadMountedDisplay (216)
[2024.05.26-16.03.54:703][501]LogModuleManager: Shutting down and abandoning module XAudio2 (214)
[2024.05.26-16.03.54:703][501]LogModuleManager: Shutting down and abandoning module Networking (212)
[2024.05.26-16.03.54:703][501]LogModuleManager: Shutting down and abandoning module Core (210)
[2024.05.26-16.03.54:703][501]LogModuleManager: Shutting down and abandoning module MaterialEditor (208)
[2024.05.26-16.03.54:703][501]LogModuleManager: Shutting down and abandoning module MovieSceneTools (206)
[2024.05.26-16.03.54:703][501]LogModuleManager: Shutting down and abandoning module EditorStyle (205)
[2024.05.26-16.03.54:703][501]LogModuleManager: Shutting down and abandoning module KismetCompiler (202)
[2024.05.26-16.03.54:703][501]LogModuleManager: Shutting down and abandoning module MeshBuilder (200)
[2024.05.26-16.03.54:703][501]LogModuleManager: Shutting down and abandoning module MeshUtilities (198)
[2024.05.26-16.03.54:703][501]LogModuleManager: Shutting down and abandoning module MeshMergeUtilities (197)
[2024.05.26-16.03.54:703][501]LogModuleManager: Shutting down and abandoning module MeshReductionInterface (196)
[2024.05.26-16.03.54:703][501]LogModuleManager: Shutting down and abandoning module MeshBoneReduction (195)
[2024.05.26-16.03.54:703][501]LogModuleManager: Shutting down and abandoning module SkeletalMeshReduction (193)
[2024.05.26-16.03.54:703][501]LogModuleManager: Shutting down and abandoning module ProxyLODMeshReduction (191)
[2024.05.26-16.03.54:703][501]LogModuleManager: Shutting down and abandoning module QuadricMeshReduction (189)
[2024.05.26-16.03.54:703][501]LogModuleManager: Shutting down and abandoning module MaterialBaking (185)
[2024.05.26-16.03.54:703][501]LogModuleManager: Shutting down and abandoning module NullInstallBundleManager (180)
[2024.05.26-16.03.54:703][501]LogModuleManager: Shutting down and abandoning module PIEPreviewDeviceProfileSelector (178)
[2024.05.26-16.03.54:703][501]LogModuleManager: Shutting down and abandoning module DerivedDataCache (176)
[2024.05.26-16.03.54:703][501]LogModuleManager: Shutting down and abandoning module TargetPlatform (174)
[2024.05.26-16.03.54:703][501]LogModuleManager: Shutting down and abandoning module VulkanShaderFormat (173)
[2024.05.26-16.03.54:704][501]LogModuleManager: Shutting down and abandoning module ShaderFormatVectorVM (171)
[2024.05.26-16.03.54:704][501]LogModuleManager: Shutting down and abandoning module ShaderFormatOpenGL (169)
[2024.05.26-16.03.54:704][501]LogModuleManager: Shutting down and abandoning module ShaderFormatD3D (167)
[2024.05.26-16.03.54:704][501]LogModuleManager: Shutting down and abandoning module MetalShaderFormat (165)
[2024.05.26-16.03.54:704][501]LogModuleManager: Shutting down and abandoning module TextureFormatOodle (163)
[2024.05.26-16.03.54:704][501]LogModuleManager: Shutting down and abandoning module TextureFormatUncompressed (161)
[2024.05.26-16.03.54:704][501]LogModuleManager: Shutting down and abandoning module TextureFormatPVR (159)
[2024.05.26-16.03.54:704][501]LogModuleManager: Shutting down and abandoning module TextureFormatETC2 (157)
[2024.05.26-16.03.54:704][501]LogModuleManager: Shutting down and abandoning module TextureFormatDXT (155)
[2024.05.26-16.03.54:704][501]LogModuleManager: Shutting down and abandoning module TextureFormatIntelISPCTexComp (153)
[2024.05.26-16.03.54:704][501]LogModuleManager: Shutting down and abandoning module TextureFormatASTC (151)
[2024.05.26-16.03.54:704][501]LogModuleManager: Shutting down and abandoning module ImageWrapper (150)
[2024.05.26-16.03.54:704][501]LogModuleManager: Shutting down and abandoning module AudioFormatOpus (147)
[2024.05.26-16.03.54:704][501]LogModuleManager: Shutting down and abandoning module AudioFormatOgg (145)
[2024.05.26-16.03.54:704][501]LogModuleManager: Shutting down and abandoning module AudioFormatADPCM (143)
[2024.05.26-16.03.54:704][501]LogModuleManager: Shutting down and abandoning module WindowsServerTargetPlatform (141)
[2024.05.26-16.03.54:704][501]LogModuleManager: Shutting down and abandoning module WindowsClientTargetPlatform (139)
[2024.05.26-16.03.54:704][501]LogModuleManager: Shutting down and abandoning module WindowsTargetPlatform (137)
[2024.05.26-16.03.54:704][501]LogModuleManager: Shutting down and abandoning module WindowsNoEditorTargetPlatform (135)
[2024.05.26-16.03.54:704][501]LogModuleManager: Shutting down and abandoning module D3D11RHI (132)
[2024.05.26-16.03.54:704][501]LogModuleManager: Shutting down and abandoning module InputCore (130)
[2024.05.26-16.03.54:704][501]LogModuleManager: Shutting down and abandoning module Settings (128)
[2024.05.26-16.03.54:704][501]LogModuleManager: Shutting down and abandoning module PhysXCooking (126)
[2024.05.26-16.03.54:704][501]LogModuleManager: Shutting down and abandoning module Chaos (124)
[2024.05.26-16.03.54:704][501]LogModuleManager: Shutting down and abandoning module WindowsPlatformFeatures (122)
[2024.05.26-16.03.54:704][501]LogModuleManager: Shutting down and abandoning module GameplayMediaEncoder (121)
[2024.05.26-16.03.54:704][501]LogModuleManager: Shutting down and abandoning module AVEncoder (120)
[2024.05.26-16.03.54:704][501]LogModuleManager: Shutting down and abandoning module SteamVRInputDevice (116)
[2024.05.26-16.03.54:704][501]LogModuleManager: Shutting down and abandoning module SteamVRInput (114)
[2024.05.26-16.03.54:704][501]LogModuleManager: Shutting down and abandoning module SteamVR (112)
[2024.05.26-16.03.54:704][501]LogHMD: Freeing OpenVRDLLHandle.
[2024.05.26-16.03.54:704][501]LogModuleManager: Shutting down and abandoning module OculusHMD (110)
[2024.05.26-16.03.54:704][501]LogModuleManager: Shutting down and abandoning module LauncherChunkInstaller (108)
[2024.05.26-16.03.54:704][501]LogModuleManager: Shutting down and abandoning module ChaosCloth (106)
[2024.05.26-16.03.54:704][501]LogModuleManager: Shutting down and abandoning module OpenXRHandTracking (104)
[2024.05.26-16.03.54:704][501]LogSlate: Slate User Destroyed.  User Index 0, Is Virtual User: 0
[2024.05.26-16.03.54:704][501]LogModuleManager: Shutting down and abandoning module OpenXREyeTracker (102)
[2024.05.26-16.03.54:704][501]LogModuleManager: Shutting down and abandoning module OpenXRAR (100)
[2024.05.26-16.03.54:704][501]LogModuleManager: Shutting down and abandoning module AugmentedReality (99)
[2024.05.26-16.03.54:704][501]LogModuleManager: Shutting down and abandoning module OpenXRHMD (96)
[2024.05.26-16.03.54:704][501]LogModuleManager: Shutting down and abandoning module ExampleDeviceProfileSelector (94)
[2024.05.26-16.03.54:704][501]LogModuleManager: Shutting down and abandoning module ChunkDownloader (92)
[2024.05.26-16.03.54:704][501]LogModuleManager: Shutting down and abandoning module ExrReaderGpu (90)
[2024.05.26-16.03.54:704][501]LogModuleManager: Shutting down and abandoning module OnlineBlueprintSupport (88)
[2024.05.26-16.03.54:704][501]LogModuleManager: Shutting down and abandoning module OnlineSubsystem (84)
[2024.05.26-16.03.54:705][501]LogModuleManager: Shutting down and abandoning module XMPP (79)
[2024.05.26-16.03.54:705][501]LogModuleManager: Shutting down and abandoning module WebSockets (78)
[2024.05.26-16.03.54:719][501]LogModuleManager: Shutting down and abandoning module HTTP (75)
[2024.05.26-16.03.54:719][501]LogHttp: Display: cleaning up 0 outstanding Http requests.
[2024.05.26-16.03.54:739][501]LogModuleManager: Shutting down and abandoning module SSL (74)
[2024.05.26-16.03.54:740][501]LogModuleManager: Shutting down and abandoning module WmfMedia (70)
[2024.05.26-16.03.54:741][501]LogModuleManager: Shutting down and abandoning module Media (69)
[2024.05.26-16.03.54:742][501]LogModuleManager: Shutting down and abandoning module MediaInfo (68)
[2024.05.26-16.03.54:742][501]LogModuleManager: Shutting down and abandoning module MLSDK (64)
[2024.05.26-16.03.54:742][501]LogModuleManager: Shutting down and abandoning module MagicLeap (62)
[2024.05.26-16.03.54:742][501]LogModuleManager: Shutting down and abandoning module NiagaraVertexFactories (60)
[2024.05.26-16.03.54:742][501]LogModuleManager: Shutting down and abandoning module NiagaraShader (58)
[2024.05.26-16.03.54:742][501]LogModuleManager: Shutting down and abandoning module VariantManagerContent (56)
[2024.05.26-16.03.54:742][501]LogModuleManager: Shutting down and abandoning module DatasmithContent (54)
[2024.05.26-16.03.54:742][501]LogModuleManager: Shutting down and abandoning module PixWinPlugin (52)
[2024.05.26-16.03.54:742][501]LogModuleManager: Shutting down and abandoning module AISupportModule (50)
[2024.05.26-16.03.54:742][501]LogModuleManager: Shutting down and abandoning module DesktopPlatform (48)
[2024.05.26-16.03.54:742][501]LogModuleManager: Shutting down and abandoning module PythonScriptPluginPreload (46)
[2024.05.26-16.03.54:742][501]LogModuleManager: Shutting down and abandoning module PlatformCryptoOpenSSL (44)
[2024.05.26-16.03.54:742][501]LogModuleManager: Shutting down and abandoning module PlatformCryptoTypes (42)
[2024.05.26-16.03.54:742][501]LogModuleManager: Shutting down and abandoning module PlatformCrypto (40)
[2024.05.26-16.03.54:742][501]LogModuleManager: Shutting down and abandoning module OodleDataCompressionFormat (38)
[2024.05.26-16.03.54:742][501]LogModuleManager: Shutting down and abandoning module XGEController (36)
[2024.05.26-16.03.54:742][501]LogModuleManager: Shutting down and abandoning module AnimationModifiers (34)
[2024.05.26-16.03.54:742][501]LogModuleManager: Shutting down and abandoning module AudioEditor (32)
[2024.05.26-16.03.54:742][501]LogModuleManager: Shutting down and abandoning module PropertyEditor (31)
[2024.05.26-16.03.54:742][501]LogModuleManager: Shutting down and abandoning module TextureCompressor (28)
[2024.05.26-16.03.54:742][501]LogModuleManager: Shutting down and abandoning module RenderCore (26)
[2024.05.26-16.03.54:742][501]LogModuleManager: Shutting down and abandoning module Landscape (24)
[2024.05.26-16.03.54:742][501]LogModuleManager: Shutting down and abandoning module SlateRHIRenderer (22)
[2024.05.26-16.03.54:742][501]LogModuleManager: Shutting down and abandoning module AnimGraphRuntime (20)
[2024.05.26-16.03.54:742][501]LogModuleManager: Shutting down and abandoning module Renderer (18)
[2024.05.26-16.03.54:743][501]LogModuleManager: Shutting down and abandoning module Engine (16)
[2024.05.26-16.03.54:743][501]LogModuleManager: Shutting down and abandoning module CoreUObject (14)
[2024.05.26-16.03.54:743][501]LogModuleManager: Shutting down and abandoning module NetworkFile (12)
[2024.05.26-16.03.54:743][501]LogModuleManager: Shutting down and abandoning module CookedIterativeFile (10)
[2024.05.26-16.03.54:743][501]LogModuleManager: Shutting down and abandoning module StreamingFile (8)
[2024.05.26-16.03.54:743][501]LogModuleManager: Shutting down and abandoning module SandboxFile (6)
[2024.05.26-16.03.54:743][501]LogModuleManager: Shutting down and abandoning module PakFile (4)
[2024.05.26-16.03.54:743][501]LogModuleManager: Shutting down and abandoning module RSA (3)
[2024.05.26-16.03.54:954][501]LogContentStreaming: Display: There are 1 unreleased StreamingManagers
[2024.05.26-16.03.54:969][501]LogD3D11RHI: Shutdown
[2024.05.26-16.03.54:969][501]LogD3D11RHI: CleanupD3DDevice
[2024.05.26-16.03.54:972][501]LogD3D11RHI: Intel Extensions Framework unloaded
[2024.05.26-16.03.54:984][501]LogD3D11RHI: [IntelMetricsDiscovery] Stopped
[2024.05.26-16.03.54:984][501]LogExit: Exiting.
[2024.05.26-16.03.54:996][501]Log file closed, 05/27/24 01:03:54
